[    0.000000] Initializing cgroup subsys cpuset
[    0.000000] Initializing cgroup subsys cpu
[    0.000000] Initializing cgroup subsys cpuacct
[    0.000000] Linux version 4.4.0-210-generic (buildd@lgw01-amd64-009) (gcc version 5.4.0 20160609 (Ubuntu 5.4.0-6ubuntu1~16.04.12) ) #242-Ubuntu SMP Fri Apr 16 09:57:56 UTC 2021 (Ubuntu 4.4.0-210.242-generic 4.4.262)
[    0.000000] Command line: BOOT_IMAGE=/boot/vmlinuz-4.4.0-210-generic root=LABEL=cloudimg-rootfs ro console=tty1 console=ttyS0
[    0.000000] KERNEL supported cpus:
[    0.000000]   Intel GenuineIntel
[    0.000000]   AMD AuthenticAMD
[    0.000000]   Centaur CentaurHauls
[    0.000000] x86/fpu: xstate_offset[2]:  576, xstate_sizes[2]:  256
[    0.000000] x86/fpu: Supporting XSAVE feature 0x01: 'x87 floating point registers'
[    0.000000] x86/fpu: Supporting XSAVE feature 0x02: 'SSE registers'
[    0.000000] x86/fpu: Supporting XSAVE feature 0x04: 'AVX registers'
[    0.000000] x86/fpu: Enabled xstate features 0x7, context size is 832 bytes, using 'standard' format.
[    0.000000] e820: BIOS-provided physical RAM map:
[    0.000000] BIOS-e820: [mem 0x0000000000000000-0x000000000009fbff] usable
[    0.000000] BIOS-e820: [mem 0x000000000009fc00-0x000000000009ffff] reserved
[    0.000000] BIOS-e820: [mem 0x00000000000f0000-0x00000000000fffff] reserved
[    0.000000] BIOS-e820: [mem 0x0000000000100000-0x000000007ffeffff] usable
[    0.000000] BIOS-e820: [mem 0x000000007fff0000-0x000000007fffffff] ACPI data
[    0.000000] BIOS-e820: [mem 0x00000000fec00000-0x00000000fec00fff] reserved
[    0.000000] BIOS-e820: [mem 0x00000000fee00000-0x00000000fee00fff] reserved
[    0.000000] BIOS-e820: [mem 0x00000000fffc0000-0x00000000ffffffff] reserved
[    0.000000] NX (Execute Disable) protection: active
[    0.000000] SMBIOS 2.5 present.
[    0.000000] Hypervisor detected: KVM
[    0.000000] e820: last_pfn = 0x7fff0 max_arch_pfn = 0x400000000
[    0.000000] MTRR: Disabled
[    0.000000] x86/PAT: MTRRs disabled, skipping PAT initialization too.
[    0.000000] CPU MTRRs all blank - virtualized system.
[    0.000000] x86/PAT: Configuration [0-7]: WB  WT  UC- UC  WB  WT  UC- UC  
[    0.000000] found SMP MP-table at [mem 0x0009fff0-0x0009ffff] mapped at [ffff88000009fff0]
[    0.000000] Scanning 1 areas for low memory corruption
[    0.000000] RAMDISK: [mem 0x362dc000-0x37165fff]
[    0.000000] ACPI: Early table checksum verification disabled
[    0.000000] ACPI: RSDP 0x00000000000E0000 000024 (v02 VBOX  )
[    0.000000] ACPI: XSDT 0x000000007FFF0030 00003C (v01 VBOX   VBOXXSDT 00000001 ASL  00000061)
[    0.000000] ACPI: FACP 0x000000007FFF00F0 0000F4 (v04 VBOX   VBOXFACP 00000001 ASL  00000061)
[    0.000000] ACPI: DSDT 0x000000007FFF0610 002353 (v02 VBOX   VBOXBIOS 00000002 INTL 20100528)
[    0.000000] ACPI: FACS 0x000000007FFF0200 000040
[    0.000000] ACPI: FACS 0x000000007FFF0200 000040
[    0.000000] ACPI: APIC 0x000000007FFF0240 00005C (v02 VBOX   VBOXAPIC 00000001 ASL  00000061)
[    0.000000] ACPI: SSDT 0x000000007FFF02A0 00036C (v01 VBOX   VBOXCPUT 00000002 INTL 20100528)
[    0.000000] No NUMA configuration found
[    0.000000] Faking a node at [mem 0x0000000000000000-0x000000007ffeffff]
[    0.000000] NODE_DATA(0) allocated [mem 0x7ffeb000-0x7ffeffff]
[    0.000000] kvm-clock: Using msrs 4b564d01 and 4b564d00
[    0.000000] kvm-clock: cpu 0, msr 0:7ffe3001, primary cpu clock
[    0.000000] kvm-clock: using sched offset of 3601355516 cycles
[    0.000000] clocksource: kvm-clock: mask: 0xffffffffffffffff max_cycles: 0x1cd42e4dffb, max_idle_ns: 881590591483 ns
[    0.000000] Zone ranges:
[    0.000000]   DMA      [mem 0x0000000000001000-0x0000000000ffffff]
[    0.000000]   DMA32    [mem 0x0000000001000000-0x000000007ffeffff]
[    0.000000]   Normal   empty
[    0.000000]   Device   empty
[    0.000000] Movable zone start for each node
[    0.000000] Early memory node ranges
[    0.000000]   node   0: [mem 0x0000000000001000-0x000000000009efff]
[    0.000000]   node   0: [mem 0x0000000000100000-0x000000007ffeffff]
[    0.000000] Initmem setup node 0 [mem 0x0000000000001000-0x000000007ffeffff]
[    0.000000] ACPI: PM-Timer IO Port: 0x4008
[    0.000000] IOAPIC[0]: apic_id 2, version 32, address 0xfec00000, GSI 0-23
[    0.000000] ACPI: INT_SRC_OVR (bus 0 bus_irq 0 global_irq 2 dfl dfl)
[    0.000000] ACPI: INT_SRC_OVR (bus 0 bus_irq 9 global_irq 9 low level)
[    0.000000] Using ACPI (MADT) for SMP configuration information
[    0.000000] smpboot: Allowing 2 CPUs, 0 hotplug CPUs
[    0.000000] PM: Registered nosave memory: [mem 0x00000000-0x00000fff]
[    0.000000] PM: Registered nosave memory: [mem 0x0009f000-0x0009ffff]
[    0.000000] PM: Registered nosave memory: [mem 0x000a0000-0x000effff]
[    0.000000] PM: Registered nosave memory: [mem 0x000f0000-0x000fffff]
[    0.000000] e820: [mem 0x80000000-0xfebfffff] available for PCI devices
[    0.000000] Booting paravirtualized kernel on KVM
[    0.000000] clocksource: refined-jiffies: mask: 0xffffffff max_cycles: 0xffffffff, max_idle_ns: 7645519600211568 ns
[    0.000000] setup_percpu: NR_CPUS:512 nr_cpumask_bits:512 nr_cpu_ids:2 nr_node_ids:1
[    0.000000] PERCPU: Embedded 33 pages/cpu @ffff88007fc00000 s95192 r8192 d31784 u1048576
[    0.000000] Built 1 zonelists in Node order, mobility grouping on.  Total pages: 515960
[    0.000000] Policy zone: DMA32
[    0.000000] Kernel command line: BOOT_IMAGE=/boot/vmlinuz-4.4.0-210-generic root=LABEL=cloudimg-rootfs ro console=tty1 console=ttyS0
[    0.000000] PID hash table entries: 4096 (order: 3, 32768 bytes)
[    0.000000] Memory: 2029984K/2096696K available (8644K kernel code, 1332K rwdata, 4044K rodata, 1492K init, 1164K bss, 66712K reserved, 0K cma-reserved)
[    0.000000] SLUB: HWalign=64, Order=0-3, MinObjects=0, CPUs=2, Nodes=1
[    0.000000] Kernel/User page tables isolation: enabled
[    0.000000] Hierarchical RCU implementation.
[    0.000000] 	Build-time adjustment of leaf fanout to 64.
[    0.000000] 	RCU restricting CPUs from NR_CPUS=512 to nr_cpu_ids=2.
[    0.000000] RCU: Adjusting geometry for rcu_fanout_leaf=64, nr_cpu_ids=2
[    0.000000] NR_IRQS:33024 nr_irqs:440 16
[    0.000000] Console: colour VGA+ 80x25
[    0.000000] console [tty1] enabled
[    0.000000] console [ttyS0] enabled
[    0.000000] tsc: Detected 3591.688 MHz processor
[    0.298690] Calibrating delay loop (skipped) preset value.. 7183.37 BogoMIPS (lpj=14366752)
[    0.301635] pid_max: default: 32768 minimum: 301
[    0.303337] ACPI: Core revision 20150930
[    0.308637] ACPI: 2 ACPI AML tables successfully acquired and loaded
[    0.310797] Security Framework initialized
[    0.312129] Yama: becoming mindful.
[    0.313358] AppArmor: AppArmor initialized
[    0.318190] Dentry cache hash table entries: 262144 (order: 9, 2097152 bytes)
[    0.321745] Inode-cache hash table entries: 131072 (order: 8, 1048576 bytes)
[    0.327501] Mount-cache hash table entries: 4096 (order: 3, 32768 bytes)
[    0.329495] Mountpoint-cache hash table entries: 4096 (order: 3, 32768 bytes)
[    0.332165] Initializing cgroup subsys io
[    0.333670] Initializing cgroup subsys memory
[    0.335380] Initializing cgroup subsys devices
[    0.336983] Initializing cgroup subsys freezer
[    0.338537] Initializing cgroup subsys net_cls
[    0.340122] Initializing cgroup subsys perf_event
[    0.341758] Initializing cgroup subsys net_prio
[    0.343454] Initializing cgroup subsys hugetlb
[    0.345008] Initializing cgroup subsys pids
[    0.347442] mce: CPU supports 0 MCE banks
[    0.349005] Last level iTLB entries: 4KB 1024, 2MB 1024, 4MB 1024
[    0.351052] Last level dTLB entries: 4KB 1024, 2MB 1024, 4MB 1024, 1GB 4
[    0.353456] Spectre V1 : Mitigation: usercopy/swapgs barriers and __user pointer sanitization
[    0.356983] Spectre V2 : Mitigation: Full generic retpoline
[    0.359103] Spectre V2 : Spectre v2 / SpectreRSB mitigation: Filling RSB on context switch
[    0.362532] Speculative Store Bypass: Vulnerable
[    0.364224] SRBDS: Unknown: Dependent on hypervisor status
[    0.366200] MDS: Mitigation: Clear CPU buffers
[    0.372005] Freeing SMP alternatives memory: 36K
[    0.382032] ftrace: allocating 32380 entries in 127 pages
[    0.470005] smpboot: APIC(0) Converting physical 0 to logical package 0
[    0.472107] smpboot: Max logical packages: 1
[    0.474081] x2apic enabled
[    0.475663] Switched APIC routing to physical x2apic.
[    0.479452] ..TIMER: vector=0x30 apic1=0 pin1=2 apic2=-1 pin2=-1
[    0.589453] smpboot: CPU0: Intel(R) Core(TM) i7-4790 CPU @ 3.60GHz (family: 0x6, model: 0x3c, stepping: 0x3)
[    0.593069] Performance Events: unsupported p6 CPU model 60 no PMU driver, software events only.
[    0.610624] KVM setup paravirtual spinlock
[    0.625999] x86: Booting SMP configuration:
[    0.627437] .... node  #0, CPUs:      #1
[    0.628918] kvm-clock: cpu 1, msr 0:7ffe3041, secondary cpu clock
[    0.631028] mce: CPU supports 0 MCE banks
[    0.633978] x86: Booted up 1 node, 2 CPUs
[    0.635874] smpboot: Total of 2 processors activated (14366.75 BogoMIPS)
[    0.638647] devtmpfs: initialized
[    0.649791] evm: security.selinux
[    0.651194] evm: security.SMACK64
[    0.652543] evm: security.SMACK64EXEC
[    0.653896] evm: security.SMACK64TRANSMUTE
[    0.655347] evm: security.SMACK64MMAP
[    0.656659] evm: security.ima
[    0.657846] evm: security.capability
[    0.659324] clocksource: jiffies: mask: 0xffffffff max_cycles: 0xffffffff, max_idle_ns: 7645041785100000 ns
[    0.662437] futex hash table entries: 512 (order: 3, 32768 bytes)
[    0.664462] pinctrl core: initialized pinctrl subsystem
[    0.666387] RTC time: 14:20:07, date: 02/05/23
[    0.668155] NET: Registered protocol family 16
[    0.681613] cpuidle: using governor ladder
[    0.694460] cpuidle: using governor menu
[    0.695931] PCCT header not found.
[    0.697466] ACPI: bus type PCI registered
[    0.698925] acpiphp: ACPI Hot Plug PCI Controller Driver version: 0.5
[    0.700959] PCI: Using configuration type 1 for base access
[    0.714486] ACPI: Added _OSI(Module Device)
[    0.715957] ACPI: Added _OSI(Processor Device)
[    0.717418] ACPI: Added _OSI(3.0 _SCP Extensions)
[    0.719006] ACPI: Added _OSI(Processor Aggregator Device)
[    0.722065] ACPI: Executed 1 blocks of module-level executable AML code
[    0.729021] ACPI: Interpreter enabled
[    0.730377] ACPI: (supports S0 S5)
[    0.731793] ACPI: Using IOAPIC for interrupt routing
[    0.733829] PCI: Using host bridge windows from ACPI; if necessary, use "pci=nocrs" and report a bug
[    0.744872] ACPI: PCI Root Bridge [PCI0] (domain 0000 [bus 00-ff])
[    0.746930] acpi PNP0A03:00: _OSC: OS supports [ASPM ClockPM Segments MSI]
[    0.749723] acpi PNP0A03:00: _OSC: not requesting OS control; OS requires [ExtendedConfig ASPM ClockPM MSI]
[    0.753042] acpi PNP0A03:00: fail to add MMCONFIG information, can't access extended PCI configuration space under this bridge.
[    0.757289] PCI host bridge to bus 0000:00
[    0.758736] pci_bus 0000:00: root bus resource [io  0x0000-0x0cf7 window]
[    0.761387] pci_bus 0000:00: root bus resource [io  0x0d00-0xffff window]
[    0.763392] pci_bus 0000:00: root bus resource [mem 0x000a0000-0x000bffff window]
[    0.765977] pci_bus 0000:00: root bus resource [mem 0x80000000-0xfdffffff window]
[    0.768518] pci_bus 0000:00: root bus resource [bus 00-ff]
[    0.772687] pci 0000:00:01.1: legacy IDE quirk: reg 0x10: [io  0x01f0-0x01f7]
[    0.774953] pci 0000:00:01.1: legacy IDE quirk: reg 0x14: [io  0x03f6]
[    0.776911] pci 0000:00:01.1: legacy IDE quirk: reg 0x18: [io  0x0170-0x0177]
[    0.799694] pci 0000:00:01.1: legacy IDE quirk: reg 0x1c: [io  0x0376]
[    0.826038] pci 0000:00:07.0: quirk: [io  0x4000-0x403f] claimed by PIIX4 ACPI
[    0.828796] pci 0000:00:07.0: quirk: [io  0x4100-0x410f] claimed by PIIX4 SMB
[    0.846849] ACPI: PCI Interrupt Link [LNKA] (IRQs 5 9 10 *11)
[    0.849861] ACPI: PCI Interrupt Link [LNKB] (IRQs 5 9 *10 11)
[    0.852358] ACPI: PCI Interrupt Link [LNKC] (IRQs 5 *9 10 11)
[    0.854989] ACPI: PCI Interrupt Link [LNKD] (IRQs 5 9 10 *11)
[    0.857517] ACPI: Enabled 2 GPEs in block 00 to 07
[    0.859748] vgaarb: setting as boot device: PCI:0000:00:02.0
[    0.861804] vgaarb: device added: PCI:0000:00:02.0,decodes=io+mem,owns=io+mem,locks=none
[    0.864660] vgaarb: loaded
[    0.865849] vgaarb: bridge control possible 0000:00:02.0
[    0.868219] SCSI subsystem initialized
[    0.870030] ACPI: bus type USB registered
[    0.871505] usbcore: registered new interface driver usbfs
[    0.873389] usbcore: registered new interface driver hub
[    0.875183] usbcore: registered new device driver usb
[    0.877168] PCI: Using ACPI for IRQ routing
[    0.879072] NetLabel: Initializing
[    0.880334] NetLabel:  domain hash size = 128
[    0.881957] NetLabel:  protocols = UNLABELED CIPSOv4
[    0.883669] NetLabel:  unlabeled traffic allowed by default
[    0.885720] amd_nb: Cannot enumerate AMD northbridges
[    0.887546] clocksource: Switched to clocksource kvm-clock
[    0.908919] AppArmor: AppArmor Filesystem Enabled
[    0.910640] pnp: PnP ACPI init
[    0.913374] pnp: PnP ACPI: found 3 devices
[    0.926769] clocksource: acpi_pm: mask: 0xffffff max_cycles: 0xffffff, max_idle_ns: 2085701024 ns
[    0.930007] NET: Registered protocol family 2
[    0.932291] TCP established hash table entries: 16384 (order: 5, 131072 bytes)
[    0.934869] TCP bind hash table entries: 16384 (order: 6, 262144 bytes)
[    0.937140] TCP: Hash tables configured (established 16384 bind 16384)
[    0.939613] UDP hash table entries: 1024 (order: 3, 32768 bytes)
[    0.942142] UDP-Lite hash table entries: 1024 (order: 3, 32768 bytes)
[    0.944433] NET: Registered protocol family 1
[    0.946020] pci 0000:00:00.0: Limiting direct PCI/PCI transfers
[    0.948130] pci 0000:00:01.0: Activating ISA DMA hang workarounds
[    0.950529] Unpacking initramfs...
[    1.366498] Freeing initrd memory: 14888K
[    1.368157] RAPL PMU detected, API unit is 2^-32 Joules, 4 fixed counters 10737418240 ms ovfl timer
[    1.371080] hw unit of domain pp0-core 2^-0 Joules
[    1.372892] hw unit of domain package 2^-0 Joules
[    1.374503] hw unit of domain dram 2^-0 Joules
[    1.376113] hw unit of domain pp1-gpu 2^-0 Joules
[    1.377880] clocksource: tsc: mask: 0xffffffffffffffff max_cycles: 0x33c5a73f96b, max_idle_ns: 440795303379 ns
[    1.382292] platform rtc_cmos: registered platform RTC device (no PNP device found)
[    1.385913] Scanning for low memory corruption every 60 seconds
[    1.388443] audit: initializing netlink subsys (disabled)
[    1.390188] audit: type=2000 audit(1675606813.189:1): initialized
[    1.392757] Initialise system trusted keyring
[    1.394583] HugeTLB registered 2 MB page size, pre-allocated 0 pages
[    1.399773] zbud: loaded
[    1.401205] VFS: Disk quotas dquot_6.6.0
[    1.402730] VFS: Dquot-cache hash table entries: 512 (order 0, 4096 bytes)
[    1.405615] squashfs: version 4.0 (2009/01/31) Phillip Lougher
[    1.408265] fuse init (API version 7.23)
[    1.410397] Key type big_key registered
[    1.411827] Allocating IMA MOK and blacklist keyrings.
[    1.414771] Key type asymmetric registered
[    1.416529] Asymmetric key parser 'x509' registered
[    1.418244] Block layer SCSI generic (bsg) driver version 0.4 loaded (major 249)
[    1.421059] io scheduler noop registered
[    1.422445] io scheduler deadline registered (default)
[    1.424313] io scheduler cfq registered
[    1.425845] pci_hotplug: PCI Hot Plug PCI Core version: 0.5
[    1.427691] pciehp: PCI Express Hot Plug Controller Driver version: 0.4
[    1.430615] ACPI: AC Adapter [AC] (on-line)
[    1.432460] input: Power Button as /devices/LNXSYSTM:00/LNXPWRBN:00/input/input0
[    1.435081] ACPI: Power Button [PWRF]
[    1.436607] input: Sleep Button as /devices/LNXSYSTM:00/LNXSLPBN:00/input/input1
[    1.439134] ACPI: Sleep Button [SLPF]
[    1.440830] GHES: HEST is not enabled!
[    1.442230] Serial: 8250/16550 driver, 32 ports, IRQ sharing enabled
[    1.464977] 00:02: ttyS0 at I/O 0x3f8 (irq = 4, base_baud = 115200) is a 16550A
[    1.469799] Linux agpgart interface v0.103
[    1.476073] loop: module loaded
[    1.478215] scsi host0: ata_piix
[    1.479669] scsi host1: ata_piix
[    1.480914] ata1: PATA max UDMA/33 cmd 0x1f0 ctl 0x3f6 bmdma 0xd000 irq 14
[    1.483180] ata2: PATA max UDMA/33 cmd 0x170 ctl 0x376 bmdma 0xd008 irq 15
[    1.485752] libphy: Fixed MDIO Bus: probed
[    1.487379] tun: Universal TUN/TAP device driver, 1.6
[    1.489251] tun: (C) 1999-2004 Max Krasnyansky <maxk@qualcomm.com>
[    1.491324] PPP generic driver version 2.4.2
[    1.492886] ehci_hcd: USB 2.0 'Enhanced' Host Controller (EHCI) Driver
[    1.495021] ehci-pci: EHCI PCI platform driver
[    1.496757] ehci-platform: EHCI generic platform driver
[    1.498509] ohci_hcd: USB 1.1 'Open' Host Controller (OHCI) Driver
[    1.500509] ohci-pci: OHCI PCI platform driver
[    1.502128] ohci-platform: OHCI generic platform driver
[    1.503958] uhci_hcd: USB Universal Host Controller Interface driver
[    1.506048] i8042: PNP: PS/2 Controller [PNP0303:PS2K,PNP0f03:PS2M] at 0x60,0x64 irq 1,12
[    1.509611] serio: i8042 KBD port at 0x60,0x64 irq 1
[    1.511244] serio: i8042 AUX port at 0x60,0x64 irq 12
[    1.513158] mousedev: PS/2 mouse device common for all mice
[    1.515442] input: AT Translated Set 2 keyboard as /devices/platform/i8042/serio0/input/input2
[    1.518475] rtc_cmos rtc_cmos: rtc core: registered rtc_cmos as rtc0
[    1.520521] rtc_cmos rtc_cmos: alarms up to one day, 114 bytes nvram
[    1.522374] i2c /dev entries driver
[    1.523669] device-mapper: uevent: version 1.0.3
[    1.525356] device-mapper: ioctl: 4.34.0-ioctl (2015-10-28) initialised: dm-devel@redhat.com
[    1.528002] ledtrig-cpu: registered to indicate activity on CPUs
[    1.530452] NET: Registered protocol family 10
[    1.532201] NET: Registered protocol family 17
[    1.533621] Key type dns_resolver registered
[    1.535472] registered taskstats version 1
[    1.536940] Loading compiled-in X.509 certificates
[    1.539299] Loaded X.509 cert 'Build time autogenerated kernel key: cf00e047681d67edb2720680708b7d9498083038'
[    1.542367] zswap: loaded using pool lzo/zbud
[    1.546054] Key type trusted registered
[    1.551386] Key type encrypted registered
[    1.552796] AppArmor: AppArmor sha1 policy hashing enabled
[    1.554419] ima: No TPM chip found, activating TPM-bypass!
[    1.556115] ima: Allocated hash algorithm: sha1
[    1.557602] evm: HMAC attrs: 0x1
[    1.559127]   Magic number: 11:106:333
[    1.560516] tty tty54: hash matches
[    1.561788] rtc_cmos rtc_cmos: setting system clock to 2023-02-05 14:20:08 UTC (1675606808)
[    1.564670] BIOS EDD facility v0.16 2004-Jun-25, 0 devices found
[    1.566447] EDD information not available.
[    1.690191] Freeing unused kernel memory: 1492K
[    1.693219] Write protecting the kernel read-only data: 14336k
[    1.698248] Freeing unused kernel memory: 1584K
[    1.701790] Freeing unused kernel memory: 52K
Loading, please wait...
starting version 229
[    1.725819] random: systemd-udevd: uninitialized urandom read (16 bytes read, 2 bits of entropy available)
[    1.726711] random: udevadm: uninitialized urandom read (16 bytes read, 2 bits of entropy available)
[    1.726739] random: udevadm: uninitialized urandom read (16 bytes read, 2 bits of entropy available)
[    1.735175] random: systemd-udevd: uninitialized urandom read (16 bytes read, 2 bits of entropy available)
[    1.738368] random: systemd-udevd: uninitialized urandom read (16 bytes read, 2 bits of entropy available)
[    1.741774] random: systemd-udevd: uninitialized urandom read (16 bytes read, 2 bits of entropy available)
[    1.741929] random: udevadm: uninitialized urandom read (16 bytes read, 2 bits of entropy available)
[    1.741997] random: udevadm: uninitialized urandom read (16 bytes read, 2 bits of entropy available)
[    1.742226] random: udevadm: uninitialized urandom read (16 bytes read, 2 bits of entropy available)
[    1.742308] random: udevadm: uninitialized urandom read (16 bytes read, 2 bits of entropy available)
[    1.805301] e1000: Intel(R) PRO/1000 Network Driver - version 7.3.21-k8-NAPI
[    1.807379] e1000: Copyright (c) 1999-2006 Intel Corporation.
[    1.809976] Fusion MPT base driver 3.04.20
[    1.812003] Copyright (c) 1999-2008 LSI Corporation
[    1.850507] AVX2 version of gcm_enc/dec engaged.
[    1.852124] AES CTR mode by8 optimization enabled
[    1.857446] Fusion MPT SPI Host driver 3.04.20
[    2.037740] input: ImExPS/2 Generic Explorer Mouse as /devices/platform/i8042/serio1/input/input4
[    2.383006] e1000 0000:00:03.0 eth0: (PCI:33MHz:32-bit) 02:be:82:6b:cc:1d
[    2.387004] e1000 0000:00:03.0 eth0: Intel(R) PRO/1000 Network Connection
[    2.393415] mptbase: ioc0: Initiating bringup
[    3.371590] ioc0: LSI53C1030 A0: Capabilities={Initiator}
[    5.382085] scsi host2: ioc0: LSI53C1030 A0, FwRev=00000000h, Ports=1, MaxQ=256, IRQ=20
[    6.976665] scsi 2:0:0:0: Direct-Access     VBOX     HARDDISK         1.0  PQ: 0 ANSI: 5
[    6.988468] scsi target2:0:0: Beginning Domain Validation
[    6.997019] scsi target2:0:0: Domain Validation skipping write tests
[    7.000346] scsi target2:0:0: Ending Domain Validation
[    7.032925] scsi target2:0:0: asynchronous
[    7.035003] scsi 2:0:1:0: Direct-Access     VBOX     HARDDISK         1.0  PQ: 0 ANSI: 5
[    7.037793] scsi target2:0:1: Beginning Domain Validation
[    7.040536] scsi target2:0:1: Domain Validation skipping write tests
[    7.042505] scsi target2:0:1: Ending Domain Validation
[    7.053830] scsi target2:0:1: asynchronous
[    7.129295] sd 2:0:0:0: Attached scsi generic sg0 type 0
[    7.131356] sd 2:0:0:0: [sda] 83886080 512-byte logical blocks: (42.9 GB/40.0 GiB)
[    7.135094] sd 2:0:1:0: [sdb] 20480 512-byte logical blocks: (10.5 MB/10.0 MiB)
[    7.138000] sd 2:0:1:0: Attached scsi generic sg1 type 0
[    7.140338] sd 2:0:1:0: [sdb] Write Protect is off
[    7.142106] sd 2:0:0:0: [sda] Write Protect is off
[    7.143950] sd 2:0:1:0: [sdb] Incomplete mode parameter data
[    7.145789] sd 2:0:1:0: [sdb] Assuming drive cache: write through
[    7.148007] sd 2:0:0:0: [sda] Incomplete mode parameter data
[    7.149894] sd 2:0:0:0: [sda] Assuming drive cache: write through
[    7.155891]  sda: sda1
[    7.158472] sd 2:0:0:0: [sda] Attached SCSI disk
[    7.161545] sd 2:0:1:0: [sdb] Attached SCSI disk
[    7.451060] e1000 0000:00:08.0 eth1: (PCI:33MHz:32-bit) 08:00:27:7f:9c:f1
[    7.456887] e1000 0000:00:08.0 eth1: Intel(R) PRO/1000 Network Connection
[    7.466483] e1000 0000:00:08.0 enp0s8: renamed from eth1
[    7.480662] e1000 0000:00:03.0 enp0s3: renamed from eth0
Begin: Loading essential drivers ... [    9.225424] md: linear personality registered for level -1
[    9.229974] md: multipath personality registered for level -4
[    9.234382] md: raid0 personality registered for level 0
[    9.239952] md: raid1 personality registered for level 1
[    9.311587] raid6: sse2x1   gen()  3070 MB/s
[    9.379869] raid6: sse2x1   xor()  1931 MB/s
[    9.448156] raid6: sse2x2   gen()  5287 MB/s
[    9.515586] raid6: sse2x2   xor()  3825 MB/s
[    9.584845] raid6: sse2x4   gen()  8392 MB/s
[    9.652234] raid6: sse2x4   xor()  4766 MB/s
[    9.719595] raid6: avx2x1   gen()  6704 MB/s
[    9.787920] raid6: avx2x2   gen() 11904 MB/s
[    9.856274] raid6: avx2x4   gen() 16241 MB/s
[    9.857717] raid6: using algorithm avx2x4 gen() 16241 MB/s
[    9.859447] raid6: using avx2x2 recovery algorithm
[    9.862734] xor: automatically using best checksumming function:
[    9.903623]    avx       : 18245.000 MB/sec
[    9.907887] async_tx: api initialized (async)
[    9.922868] md: raid6 personality registered for level 6
[    9.924762] md: raid5 personality registered for level 5
[    9.926409] md: raid4 personality registered for level 4
[    9.935713] md: raid10 personality registered for level 10
done.
Begin: Running /scripts/init-premount ... done.
Begin: Mounting root file system ... Begin: Running /scripts/local-top ... done.
Begin: Running /scripts/local-premount ... [    9.983155] Btrfs loaded
Scanning for Btrfs filesystems
done.
Warning: fsck not present, so skipping root file system
[   10.012805] EXT4-fs (sda1): mounted filesystem with ordered data mode. Opts: (null)
done.
Begin: Running /scripts/local-bottom ... done.
Begin: Running /scripts/init-bottom ... done.
[   10.122187] systemd[1]: systemd 229 running in system mode. (+PAM +AUDIT +SELINUX +IMA +APPARMOR +SMACK +SYSVINIT +UTMP +LIBCRYPTSETUP +GCRYPT +GNUTLS +ACL +XZ -LZ4 +SECCOMP +BLKID +ELFUTILS +KMOD -IDN)
[   10.127567] systemd[1]: Detected virtualization oracle.
[   10.129322] systemd[1]: Detected architecture x86-64.

Welcome to [1mUbuntu 16.04.7 LTS[0m!

[   10.133919] systemd[1]: Set hostname to <ubuntu>.
[   10.138431] systemd[1]: Initializing machine ID from random generator.
[   10.140513] systemd[1]: Installed transient /etc/machine-id file.
[   10.275337] systemd[1]: Listening on Journal Audit Socket.
[[0;32m  OK  [0m] Listening on Journal Audit Socket.
[   10.278333] systemd[1]: Set up automount Arbitrary Executable File Formats File System Automount Point.
[[0;32m  OK  [0m] Set up automount Arbitrary Executab...ats File System Automount Point.
[   10.283472] systemd[1]: Listening on Journal Socket.
[[0;32m  OK  [0m] Listening on Journal Socket.
[   10.286458] systemd[1]: Listening on Device-mapper event daemon FIFOs.
[[0;32m  OK  [0m] Listening on Device-mapper event daemon FIFOs.
[   10.295788] systemd[1]: Listening on Journal Socket (/dev/log).
[[0;32m  OK  [0m] Listening on Journal Socket (/dev/log).
[   10.298895] systemd[1]: Listening on udev Control Socket.
[[0;32m  OK  [0m] Listening on udev Control Socket.
[   10.301836] systemd[1]: Reached target Swap.
[[0;32m  OK  [0m] Reached target Swap.
[   10.304200] systemd[1]: Listening on /dev/initctl Compatibility Named Pipe.
[[0;32m  OK  [0m] Listening on /dev/initctl Compatibility Named Pipe.
[   10.307316] systemd[1]: Reached target Encrypted Volumes.
[[0;32m  OK  [0m] Reached target Encrypted Volumes.
[   10.316537] systemd[1]: Started Trigger resolvconf update for networkd DNS.
[[0;32m  OK  [0m] Started Trigger resolvconf update for networkd DNS.
[   10.319898] systemd[1]: Reached target User and Group Name Lookups.
[[0;32m  OK  [0m] Reached target User and Group Name Lookups.
[   10.323100] systemd[1]: Listening on udev Kernel Socket.
[[0;32m  OK  [0m] Listening on udev Kernel Socket.
[   10.332160] systemd[1]: Reached target System Time Synchronized.
[[0;32m  OK  [0m] Reached target System Time Synchronized.
[   10.335251] systemd[1]: Listening on LVM2 metadata daemon socket.
[[0;32m  OK  [0m] Listening on LVM2 metadata daemon socket.
[   10.338692] systemd[1]: Listening on fsck to fsckd communication Socket.
[[0;32m  OK  [0m] Listening on fsck to fsckd communication Socket.
[   10.348704] systemd[1]: Listening on LVM2 poll daemon socket.
[[0;32m  OK  [0m] Listening on LVM2 poll daemon socket.
[   10.351636] systemd[1]: Started Forward Password Requests to Wall Directory Watch.
[[0;32m  OK  [0m] Started Forward Password Requests to Wall Directory Watch.
[   10.355622] systemd[1]: Listening on Syslog Socket.
[[0;32m  OK  [0m] Listening on Syslog Socket.
[   10.365053] systemd[1]: Created slice User and Session Slice.
[[0;32m  OK  [0m] Created slice User and Session Slice.
[   10.368464] systemd[1]: Created slice System Slice.
[[0;32m  OK  [0m] Created slice System Slice.
[   10.388140] systemd[1]: Starting Create list of required static device nodes for the current kernel...
         Starting Create list of required st... nodes for the current kernel...
[   10.393952] systemd[1]: Starting Uncomplicated firewall...
         Starting Uncomplicated firewall...
[   10.398290] systemd[1]: Mounting POSIX Message Queue File System...
         Mounting POSIX Message Queue File System...
[   10.403045] systemd[1]: Mounting Huge Pages File System...
         Mounting Huge Pages File System...
[   10.406692] systemd[1]: Mounting Debug File System...
         Mounting Debug File System...
[   10.411115] systemd[1]: Created slice system-serial\x2dgetty.slice.
[[0;32m  OK  [0m] Created slice system-serial\x2dgetty.slice.
[   10.415527] systemd[1]: Starting Monitoring of LVM2 mirrors, snapshots etc. using dmeventd or progress polling...
         Starting Monitoring of LVM2 mirrors... dmeventd or progress polling...
[   10.422848] systemd[1]: Starting Load Kernel Modules...
         Starting Load Kernel Modules...
[   10.441931] Loading iSCSI transport class v2.0-870.
[   10.450127] iscsi: registered transport (tcp)
[   10.455720] systemd[1]: Starting File System Check on Root Device...
         Starting File System Check on Root Device...
[   10.460536] systemd[1]: Starting Set console keymap...
         Starting Set console keymap...
[   10.464959] systemd[1]: Starting Nameserver information manager...
         Starting Nameserver information manager...
[   10.470226] systemd[1]: Reached target Slices.
[[0;32m  OK  [0m] Reached target Slices.
[   10.480768] systemd[1]: Starting Journal Service...
         Starting Journal Service...
[   10.487534] systemd[1]: Mounted Huge Pages File System.
[[0;32m  OK  [0m] Mounted Huge Pages File System.
[   10.494368] systemd[1]: Mounted POSIX Message Queue File System.
[[0;32m  OK  [0m] Mounted POSIX Message Queue File System.
[   10.497552] systemd[1]: Mounted Debug File System.
[[0;32m  OK  [0m] Mounted Debug File System.
[   10.501186] systemd[1]: Started Create list of required static device nodes for the current kernel.
[[0;32m  OK  [0m] Started Create list of required sta...ce nodes for the current kernel.
[   10.512392] systemd[1]: Started Uncomplicated firewall.
[[0;32m  OK  [0m] Started Uncomplicated firewall.
[   10.517005] systemd[1]: Started File System Check on Root Device.
[[0;32m  OK  [0m] Started File System Check on Root Device.
[   10.529864] iscsi: registered transport (iser)
[   10.536807] systemd[1]: Started Load Kernel Modules.
[[0;32m  OK  [0m] Started Load Kernel Modules.
[   10.542046] systemd[1]: Started Journal Service.
[[0;32m  OK  [0m] Started Journal Service.
[[0;32m  OK  [0m] Started Nameserver information manager.
[[0;32m  OK  [0m] Started File System Check Daemon to report status.
[[0;32m  OK  [0m] Started LVM2 metadata daemon.
         Starting Apply Kernel Variables...
         Mounting FUSE Control File System...
         Starting Remount Root and Kernel File Systems...
         Starting Create Static Device Nodes in /dev...
[[0;32m  OK  [0m] Mounted FUSE Control File System.
[[0;32m  OK  [0m] Started Apply Kernel Variables.
[[0;32m  OK  [0m] Started Remount Root and Kernel File Systems.
         Starting Load/Save Random Seed...
         Starting udev Coldplug all Devices...
         Starting Flush Journal to Persistent Storage...
[[0;32m  OK  [0m] Started Load/Save Random Seed.
[[0;32m  OK  [0m] Started Flush Journal to Persistent Storage.
[[0;32m  OK  [0m] Started Create Static Device Nodes in /dev.
         Starting udev Kernel Device Manager...
[[0;32m  OK  [0m] Started Set console keymap.
[[0;32m  OK  [0m] Started udev Kernel Device Manager.
[[0;32m  OK  [0m] Started udev Coldplug all Devices.
[[0;32m  OK  [0m] Started Dispatch Password Requests to Console Directory Watch.
[[0;32m  OK  [0m] Found device /dev/ttyS0.
[[0;32m  OK  [0m] Listening on Load/Save RF Kill Switch Status /dev/rfkill Watch.
[[0;32m  OK  [0m] Started Monitoring of LVM2 mirrors,...ng dmeventd or progress polling.
[[0;32m  OK  [0m] Reached target Local File Systems (Pre).
[[0;32m  OK  [0m] Reached target Local File Systems.
         Starting Tell Plymouth To Write Out Runtime Data...
         Starting Create Volatile Files and Directories...
         Starting LSB: AppArmor initialization...
         Starting Initial cloud-init job (pre-networking)...
         Starting Set console font and keymap...
         Starting Commit a transient machine-id on disk...
[[0;32m  OK  [0m] Started Tell Plymouth To Write Out Runtime Data.
[[0;32m  OK  [0m] Started Create Volatile Files and Directories.
[[0;32m  OK  [0m] Started Commit a transient machine-id on disk.
         Starting Update UTMP about System Boot/Shutdown...
[[0;32m  OK  [0m] Started Update UTMP about System Boot/Shutdown.
[[0;32m  OK  [0m] Started Set console font and keymap.
[[0;32m  OK  [0m] Created slice system-getty.slice.
[   13.314659] cloud-init[650]: Cloud-init v. 21.1-19-gbad84ad4-0ubuntu1~16.04.2 running 'init-local' at Sun, 05 Feb 2023 14:20:20 +0000. Up 12.72 seconds.
[[0;32m  OK  [0m] Started Initial cloud-init job (pre-networking).
[[0;32m  OK  [0m] Reached target Network (Pre).
[[0;32m  OK  [0m] Started LSB: AppArmor initialization.
         Starting Raise network interfaces...
         Starting Load AppArmor profiles managed internally by snapd...
[[0;32m  OK  [0m] Started Load AppArmor profiles managed internally by snapd.
[[0;32m  OK  [0m] Started Raise network interfaces.
[[0;32m  OK  [0m] Reached target Network.
         Starting Initial cloud-init job (metadata service crawler)...
[   15.988902] cloud-init[980]: Cloud-init v. 21.1-19-gbad84ad4-0ubuntu1~16.04.2 running 'init' at Sun, 05 Feb 2023 14:20:22 +0000. Up 15.11 seconds.
[   15.991191] cloud-init[980]: ci-info: ++++++++++++++++++++++++++++++++++++++Net device info+++++++++++++++++++++++++++++++++++++++
[   15.993487] cloud-init[980]: ci-info: +--------+-------+----------------------------+---------------+--------+-------------------+
[   15.995772] cloud-init[980]: ci-info: | Device |   Up  |          Address           |      Mask     | Scope  |     Hw-Address    |
[   15.997948] cloud-init[980]: ci-info: +--------+-------+----------------------------+---------------+--------+-------------------+
[   16.000245] cloud-init[980]: ci-info: | enp0s3 |  True |         10.0.2.15          | 255.255.255.0 | global | 02:be:82:6b:cc:1d |
[   16.002550] cloud-init[980]: ci-info: | enp0s3 |  True | fe80::be:82ff:fe6b:cc1d/64 |       .       |  link  | 02:be:82:6b:cc:1d |
[   16.004916] cloud-init[980]: ci-info: | enp0s8 | False |             .              |       .       |   .    | 08:00:27:7f:9c:f1 |
[   16.007267] cloud-init[980]: ci-info: |   lo   |  True |         127.0.0.1          |   255.0.0.0   |  host  |         .         |
[   16.009658] cloud-init[980]: ci-info: |   lo   |  True |          ::1/128           |       .       |  host  |         .         |
[   16.011867] cloud-init[980]: ci-info: +--------+-------+----------------------------+---------------+--------+-------------------+
[   16.014016] cloud-init[980]: ci-info: +++++++++++++++++++++++++++Route IPv4 info++++++++++++++++++++++++++++
[   16.016116] cloud-init[980]: ci-info: +-------+-------------+----------+---------------+-----------+-------+
[   16.018201] cloud-init[980]: ci-info: | Route | Destination | Gateway  |    Genmask    | Interface | Flags |
[   16.020341] cloud-init[980]: ci-info: +-------+-------------+----------+---------------+-----------+-------+
[   16.022429] cloud-init[980]: ci-info: |   0   |   0.0.0.0   | 10.0.2.2 |    0.0.0.0    |   enp0s3  |   UG  |
[   16.024531] cloud-init[980]: ci-info: |   1   |   10.0.2.0  | 0.0.0.0  | 255.255.255.0 |   enp0s3  |   U   |
[   16.026617] cloud-init[980]: ci-info: +-------+-------------+----------+---------------+-----------+-------+
[   16.028729] cloud-init[980]: ci-info: +++++++++++++++++++Route IPv6 info+++++++++++++++++++
[   16.030625] cloud-init[980]: ci-info: +-------+-------------+---------+-----------+-------+
[   16.032519] cloud-init[980]: ci-info: | Route | Destination | Gateway | Interface | Flags |
[   16.034381] cloud-init[980]: ci-info: +-------+-------------+---------+-----------+-------+
[   16.036323] cloud-init[980]: ci-info: |   0   |  fe80::/64  |    ::   |   enp0s3  |   U   |
[   16.038220] cloud-init[980]: ci-info: |   3   |   ff00::/8  |    ::   |   enp0s3  |   U   |
[   16.040133] cloud-init[980]: ci-info: +-------+-------------+---------+-----------+-------+
[   16.042020] cloud-init[980]: Generating public/private rsa key pair.
[   16.043630] cloud-init[980]: Your identification has been saved in /etc/ssh/ssh_host_rsa_key.
[   16.045527] cloud-init[980]: Your public key has been saved in /etc/ssh/ssh_host_rsa_key.pub.
[   16.047429] [[0;32m  OK  [0m] Started Initial cloud-init job (metadata service crawler).
[[0;32m  OK  [0m] Reached target System Initialization.
[[0;32m  OK  [0m] Listening on UUID daemon activation socket.
[[0;32m  OK  [0m] Listening on D-Bus System Message Bus Socket.
[[0;32m  OK  [0m] Started Daily Cleanup of Temporary Directories.
[[0;32m  OK  [0m] Listening on ACPID Listen Socket.
[[0;32m  OK  [0m] Started Message of the Day.
cloud-init[980]:          Starting LXD - unix socket.
[[0;32m  OK  [0m] Started Ubuntu Advantage update messaging.
         Starting Socket activation for snappy daemon.
The key fingerprint is:
[   16.056108] cloud-init[980]: SHA256:gAxlEzBkKMcJz5I1XZ/S53VQZTMNsPGH9rZhieauPt0 root@ubuntu-xenial
[   16.058022] [[0;32m  OK  [0m] Started ACPI Events Check.
[[0;32m  OK  [0m] Reached target Paths.
[[0;32m  OK  [0m] Started Daily apt download activities.
[[0;32m  OK  [0m] Started Daily apt upgrade and clean activities.
[[0;32m  OK  [0m] Reached target Timers.
[[0;32m  OK  [0m] Reached target Network is Online.
cloud-init[980]: The key's randomart image is:
[   16.062807] cloud-init[980]: +---[RSA 2048]----+
[   16.064042] cloud-init[980]: |.=O==o.     +oo=+|
[   16.065373] cloud-init[980]: |o*+*.o o .   = o+|
[   16.066649] cloud-init[980]: |+.o o o + . o = .|
[   16.067902] cloud-init[980]: | .     o o . o.o.|
[   16.069211] cloud-init[980]: |        S .  o +o|
[   16.070454] cloud-init[980]: |            o ..o|
[   16.071692]          Starting iSCSI initiator daemon (iscsid)...
[[0;32m  OK  [0m] Reached target Cloud-config availability.
[[0;32m  OK  [0m] Listening on LXD - unix socket.
[[0;32m  OK  [0m] Listening on Socket activation for snappy daemon.
[[0;32m  OK  [0m] Reached target Sockets.
[[0;32m  OK  [0m] Reached target Basic System.
cloud-init[980]: |            .... |
[   16.077409] cloud-init[980]: |           ... E |
[   16.079610] cloud-init[[0;32m  OK  [0m] Started ACPI event daemon.
[980]: |          .oo.   |
[[0;32m  OK  [0m] Started FUSE filesystem for LXC.
[   16.082603] cloud-init[980]: +----[SHA256]-----+
[[0;32m  OK  [0m] Started D-Bus System Message Bus.
[   16.085250] cloud-init[980]: Generating public/private dsa key pair.
[   16.087476] cloud-init[980]: Your identification has been saved in /etc/ssh/ssh_host_dsa_key.
[   16.089996] cloud-init[980]: Your public key has been saved in /etc/ssh/ssh_host_dsa_key.pub.
[   16.092820] cloud-init[980]: The key fingerprint is:
[   16.094708] cloud-init[980]: SHA256:v7t5WaQK6/MHQPGZbTGqBeE7vEV1vfmVkroHDvwV65Q root@ubuntu-xenial
[   16.100235] cloud-init[980]: The key's randomart image is:
[   16.102527] cloud-init[980]: +---[DSA 1024]----+
[   16.106250] cloud-init[980]: |        +o  + .. |
[   16.108672] cloud-init[980]: |       ..o * +  .|
[   16.110825] cloud-init[980]: |       .. B o . +|
[   16.113102] cloud-init[980]: |       ..= . +.+.|
[   16.116302] cloud-init[980]: |        S.. .o= o|
[   16.117558] cloud-init[980]: |        .B.o.E. .|
[   16.118822] cloud-init[980]: |        .o=o*o   |
[   16.120106] cloud-init[980]: |        o .*+o   |
[   16.121394] cloud-init[980]: |       ..o*=.    |
[   16.122647] cloud-init[980]: +----[SHA256]-----+
[   16.123900] cloud-init[980]: Generating public/private ecdsa key pair.
[   16.125446] cloud-init[980]: Your identification has been saved in /etc/ssh/ssh_host_ecdsa_key.
[   16.127260] cloud-init[980]: Your public key has been saved in /etc/ssh/ssh_host_ecdsa_key.pub.
[   16.129077] cloud-init[980]: The key fingerprint is:
[   16.130363] cloud-init[980]: SHA256:jsGPzRkudUMLQgs+9i0Zx2D/ukHsTfSY9ksbjnZ/1HI root@ubuntu-xenial
[   16.132275]          Starting Pollinate to seed the pseudo random number generator...
cloud-init[980]: The key's randomart image is:         Starting Accounts Service...

[   16.134759]          Starting /etc/rc.local Compatibility...
cloud-init[980]: +---[ECDSA 256]---+
[   16.136562] cloud-init[980]: |    . +          |
[   16.137791] [[0;32m  OK  [0m] Started Deferred execution scheduler.
cloud-init[980]: |   . + =         |         Starting LXD - container startup/shutdown...

[   16.140373]          Starting Virtualbox guest utils...
cloud-init[980]: |    + + = o      |         Starting LSB: MD monitoring daemon...

[   16.142743]          Starting Login Service...
cloud-init[980]: |   . + B = =     |
[   16.144621] cloud-init[980]: |      * S X .   .|
[[0;32m  OK  [0m] Started Regular background program processing daemon.
         Starting System Logging Service...
[   16.157884] cloud-init[980]: |       # O o  . E|
         Starting Snap Daemon...
         Starting LSB: Record successful boot for GRUB...
[[0;32m  OK  [0m] Started /etc/rc.local Compatibility.
[   16.170330] cloud-init[980]: |      + @ . +  + |
[   16.204224] cloud-init[980]: |       . o.+.+  .|
[   16.205570] cloud-init[980]: |        ....+... |
[   16.206847] cloud-init[980]: +----[SHA256]-----+
[   16.208439] [[0;32m  OK  [0m] Started iSCSI initiator daemon (iscsid).
cloud-init[980]: Generating public/private ed25519 key pair.         Starting Login to default iSCSI targets...

[   16.216168] cloud-init[980]: Your identification has been saved in /etc/ssh/ssh_host_ed25519_key.[[0;32m  OK  [0m] Started Login Service.

[[0;32m  OK  [0m] Started Unattended Upgrades Shutdown.
[   16.222366] cloud-init[980]: Your public key has been saved in /etc/ssh/ssh_host_ed25519_key.pub.[[0;32m  OK  [0m] Started System Logging Service.

[   16.253711] cloud-init[980]: The key fingerprint is:
[   16.259788] [[0;32m  OK  [0m] Started Login to default iSCSI targets.
[[0;32m  OK  [0m] Reached target Remote File Systems (Pre).
[[0;32m  OK  [0m] Reached target Remote File Systems.
         Starting LSB: Set the CPU Frequency Scaling governor to "ondemand"...
         Starting Permit User Sessions...
cloud-init[980]: SHA256:GYWgFweOtzehiea85LbCLS+llzJFraD4AKlF3741yPQ root@ubuntu-xenial         Starting LSB: automatic crash report generation...
         Starting LSB: daemon to balance interrupts for SMP systems...

[   16.275157] [[0;32m  OK  [0m] Started Permit User Sessions.
cloud-init[980]: The key's randomart image is:         Starting Hold until boot process finishes up...
         Starting Terminate Plymouth Boot Screen...

[   16.281038] cloud-init[980]: +--[ED25519 256]--+
[[0;32m  OK  [0m] Started Terminate Plymouth Boot Screen.
[[0;32m  OK  [0m] Started Hold until boot process finishes up.
         Starting Set console scheme...
[[0;32m  OK  [0m] Started Serial Getty on ttyS0.
[[0;32m  OK  [0m] Started Getty on tty1.
[[0;32m  OK  [0m] Reached target Login Prompts.
[[0;32m  OK  [0m] Started Set console scheme.
[[0;32m  OK  [0m] Started LSB: MD monitoring daemon.
[   16.307803] cloud-init[980]: |      +o...      |
[   16.343318] cloud-init[980]: |  .  + o..       |
[   16.345985] cloud-init[980]: | o .oo+ o        |
[   16.354899] cloud-init[980]: |o o o+++ +       |
[   16.356566] cloud-init[980]: |+o oo=+oS        |
[   16.358107] cloud-init[980]: |=  ++ +.E.       |
[   16.359364] cloud-init[980]: | + =+. o .       |
[[0;32m  OK  [0m] Started LSB: Set the CPU Frequency Scaling governor to "ondemand".
[   16.361065] cloud-init[980]: |  Xo=..          |
[   16.369079] cloud-init[980]: |   X=.           |
[   16.383881] cloud-init[980]: +----[SHA256]-----+
         Starting Authenticate and Authorize Users to Run Privileged Tasks...
[[0;32m  OK  [0m] Started LSB: automatic crash report generation.
[[0;32m  OK  [0m] Started LSB: daemon to balance interrupts for SMP systems.
[[0;32m  OK  [0m] Started LSB: Record successful boot for GRUB.
[[0;32m  OK  [0m] Started LXD - container startup/shutdown.
[[0;32m  OK  [0m] Started Authenticate and Authorize Users to Run Privileged Tasks.
[[0;32m  OK  [0m] Started Virtualbox guest utils.
[[0;32m  OK  [0m] Started Accounts Service.
[[0;32m  OK  [0m] Started Snap Daemon.
         Starting Wait until snapd is fully seeded...
[[0;32m  OK  [0m] Started Pollinate to seed the pseudo random number generator.
         Starting OpenBSD Secure Shell server...
[[0;32m  OK  [0m] Started OpenBSD Secure Shell server.
[[0;32m  OK  [0m] Created slice User Slice of vagrant.
         Starting User Manager for UID 1000...
[[0;32m  OK  [0m] Started Session 1 of user vagrant.
[[0;32m  OK  [0m] Started User Manager for UID 1000.
[[0;32m  OK  [0m] Started Wait until snapd is fully seeded.
         Starting Apply the settings specified in cloud-config...
[[0;32m  OK  [0m] Reached target Multi-User System.
[[0;32m  OK  [0m] Reached target Graphical Interface.
         Starting Update UTMP about System Runlevel Changes...
[[0;32m  OK  [0m] Started Update UTMP about System Runlevel Changes.
[   20.815530] cloud-init[1445]: Generating locales (this might take a while)...

Ubuntu 16.04.7 LTS ubuntu-xenial ttyS0

ubuntu-xenial login: [   22.967744] cloud-init[1445]:   en_US.UTF-8... done
[   22.968812] cloud-init[1445]: Generation complete.
[   23.551239] cloud-init[1445]: Cloud-init v. 21.1-19-gbad84ad4-0ubuntu1~16.04.2 running 'modules:config' at Sun, 05 Feb 2023 14:20:27 +0000. Up 20.57 seconds.
ci-info: no authorized SSH keys fingerprints found for user ubuntu.
<14>Feb  5 14:20:31 ec2: 
<14>Feb  5 14:20:31 ec2: #############################################################
<14>Feb  5 14:20:31 ec2: -----BEGIN SSH HOST KEY FINGERPRINTS-----
<14>Feb  5 14:20:31 ec2: 1024 SHA256:v7t5WaQK6/MHQPGZbTGqBeE7vEV1vfmVkroHDvwV65Q root@ubuntu-xenial (DSA)
<14>Feb  5 14:20:31 ec2: 256 SHA256:jsGPzRkudUMLQgs+9i0Zx2D/ukHsTfSY9ksbjnZ/1HI root@ubuntu-xenial (ECDSA)
<14>Feb  5 14:20:31 ec2: 256 SHA256:GYWgFweOtzehiea85LbCLS+llzJFraD4AKlF3741yPQ root@ubuntu-xenial (ED25519)
<14>Feb  5 14:20:31 ec2: 2048 SHA256:gAxlEzBkKMcJz5I1XZ/S53VQZTMNsPGH9rZhieauPt0 root@ubuntu-xenial (RSA)
<14>Feb  5 14:20:31 ec2: -----END SSH HOST KEY FINGERPRINTS-----
<14>Feb  5 14:20:31 ec2: #############################################################
-----BEGIN SSH HOST KEY KEYS-----
ecdsa-sha2-nistp256 AAAAE2VjZHNhLXNoYTItbmlzdHAyNTYAAAAIbmlzdHAyNTYAAABBBMufbGoCoSijdfpHaNz7gQ9BvGOoanmWKarnpIFG7riaKGWiTEmlf44/aKfhl8emrAxcCjL0r/QzpjT37lPQfWI= root@ubuntu-xenial
ssh-ed25519 AAAAC3NzaC1lZDI1NTE5AAAAIB7EMDdD7pRLN+4sJ7XJldSWGlV830+kJhKY7kCW8U9V root@ubuntu-xenial
ssh-rsa AAAAB3NzaC1yc2EAAAADAQABAAABAQC3yN/ISSBQByEGSg29cskwzEpKrSUQ0+KxNrxhcQGwEiJv1X77ARVatkjICbbgeWnP01XHZW1Ii828WOiKhstSJWb0VzS+4ohpeGeB2tMXbLMxGocEFRLtk9IGHKN0Cke/evD9XvTYgJwx3AEWTmnoRsGi25/5dFIlfxu8KN1WVphGJxeCiGykXHzkgEP+EZ+rF9xD6/dxrhd7SRHjGVIDT6TxZptBbOTnton1wm9j+WMO8WqhelFKTooCXuR4DglKaPyEzV9IN/epxU3ULmghxAQEwDEa9BYFR674CgO0PGEHsv9c5hSF1Wm0zXTU0/3y/TCe6aSxk3g25KcM77KF root@ubuntu-xenial
-----END SSH HOST KEY KEYS-----
[   24.442468] cloud-init[1680]: Cloud-init v. 21.1-19-gbad84ad4-0ubuntu1~16.04.2 running 'modules:final' at Sun, 05 Feb 2023 14:20:31 +0000. Up 24.17 seconds.
[   24.442774] cloud-init[1680]: ci-info: no authorized SSH keys fingerprints found for user ubuntu.
[   24.443647] cloud-init[1680]: Cloud-init v. 21.1-19-gbad84ad4-0ubuntu1~16.04.2 finished at Sun, 05 Feb 2023 14:20:31 +0000. Datasource DataSourceNoCloud [seed=/dev/sdb][dsmode=net].  Up 24.42 seconds
