[    0.000000] Initializing cgroup subsys cpuset
[    0.000000] Initializing cgroup subsys cpu
[    0.000000] Initializing cgroup subsys cpuacct
[    0.000000] Linux version 4.4.0-210-generic (buildd@lgw01-amd64-009) (gcc version 5.4.0 20160609 (Ubuntu 5.4.0-6ubuntu1~16.04.12) ) #242-Ubuntu SMP Fri Apr 16 09:57:56 UTC 2021 (Ubuntu 4.4.0-210.242-generic 4.4.262)
[    0.000000] Command line: BOOT_IMAGE=/boot/vmlinuz-4.4.0-210-generic root=LABEL=cloudimg-rootfs ro console=tty1 console=ttyS0
[    0.000000] KERNEL supported cpus:
[    0.000000]   Intel GenuineIntel
[    0.000000]   AMD AuthenticAMD
[    0.000000]   Centaur CentaurHauls
[    0.000000] x86/fpu: xstate_offset[2]:  576, xstate_sizes[2]:  256
[    0.000000] x86/fpu: Supporting XSAVE feature 0x01: 'x87 floating point registers'
[    0.000000] x86/fpu: Supporting XSAVE feature 0x02: 'SSE registers'
[    0.000000] x86/fpu: Supporting XSAVE feature 0x04: 'AVX registers'
[    0.000000] x86/fpu: Enabled xstate features 0x7, context size is 832 bytes, using 'standard' format.
[    0.000000] e820: BIOS-provided physical RAM map:
[    0.000000] BIOS-e820: [mem 0x0000000000000000-0x000000000009fbff] usable
[    0.000000] BIOS-e820: [mem 0x000000000009fc00-0x000000000009ffff] reserved
[    0.000000] BIOS-e820: [mem 0x00000000000f0000-0x00000000000fffff] reserved
[    0.000000] BIOS-e820: [mem 0x0000000000100000-0x000000003ffeffff] usable
[    0.000000] BIOS-e820: [mem 0x000000003fff0000-0x000000003fffffff] ACPI data
[    0.000000] BIOS-e820: [mem 0x00000000fec00000-0x00000000fec00fff] reserved
[    0.000000] BIOS-e820: [mem 0x00000000fee00000-0x00000000fee00fff] reserved
[    0.000000] BIOS-e820: [mem 0x00000000fffc0000-0x00000000ffffffff] reserved
[    0.000000] NX (Execute Disable) protection: active
[    0.000000] SMBIOS 2.5 present.
[    0.000000] Hypervisor detected: KVM
[    0.000000] e820: last_pfn = 0x3fff0 max_arch_pfn = 0x400000000
[    0.000000] MTRR: Disabled
[    0.000000] x86/PAT: MTRRs disabled, skipping PAT initialization too.
[    0.000000] CPU MTRRs all blank - virtualized system.
[    0.000000] x86/PAT: Configuration [0-7]: WB  WT  UC- UC  WB  WT  UC- UC  
[    0.000000] found SMP MP-table at [mem 0x0009fff0-0x0009ffff] mapped at [ffff88000009fff0]
[    0.000000] Scanning 1 areas for low memory corruption
[    0.000000] RAMDISK: [mem 0x362dc000-0x37165fff]
[    0.000000] ACPI: Early table checksum verification disabled
[    0.000000] ACPI: RSDP 0x00000000000E0000 000024 (v02 VBOX  )
[    0.000000] ACPI: XSDT 0x000000003FFF0030 00003C (v01 VBOX   VBOXXSDT 00000001 ASL  00000061)
[    0.000000] ACPI: FACP 0x000000003FFF00F0 0000F4 (v04 VBOX   VBOXFACP 00000001 ASL  00000061)
[    0.000000] ACPI: DSDT 0x000000003FFF0610 002353 (v02 VBOX   VBOXBIOS 00000002 INTL 20100528)
[    0.000000] ACPI: FACS 0x000000003FFF0200 000040
[    0.000000] ACPI: FACS 0x000000003FFF0200 000040
[    0.000000] ACPI: APIC 0x000000003FFF0240 000054 (v02 VBOX   VBOXAPIC 00000001 ASL  00000061)
[    0.000000] ACPI: SSDT 0x000000003FFF02A0 00036C (v01 VBOX   VBOXCPUT 00000002 INTL 20100528)
[    0.000000] No NUMA configuration found
[    0.000000] Faking a node at [mem 0x0000000000000000-0x000000003ffeffff]
[    0.000000] NODE_DATA(0) allocated [mem 0x3ffeb000-0x3ffeffff]
[    0.000000] kvm-clock: Using msrs 4b564d01 and 4b564d00
[    0.000000] kvm-clock: cpu 0, msr 0:3ffe3001, primary cpu clock
[    0.000000] kvm-clock: using sched offset of 3590924012 cycles
[    0.000000] clocksource: kvm-clock: mask: 0xffffffffffffffff max_cycles: 0x1cd42e4dffb, max_idle_ns: 881590591483 ns
[    0.000000] Zone ranges:
[    0.000000]   DMA      [mem 0x0000000000001000-0x0000000000ffffff]
[    0.000000]   DMA32    [mem 0x0000000001000000-0x000000003ffeffff]
[    0.000000]   Normal   empty
[    0.000000]   Device   empty
[    0.000000] Movable zone start for each node
[    0.000000] Early memory node ranges
[    0.000000]   node   0: [mem 0x0000000000001000-0x000000000009efff]
[    0.000000]   node   0: [mem 0x0000000000100000-0x000000003ffeffff]
[    0.000000] Initmem setup node 0 [mem 0x0000000000001000-0x000000003ffeffff]
[    0.000000] ACPI: PM-Timer IO Port: 0x4008
[    0.000000] IOAPIC[0]: apic_id 1, version 32, address 0xfec00000, GSI 0-23
[    0.000000] ACPI: INT_SRC_OVR (bus 0 bus_irq 0 global_irq 2 dfl dfl)
[    0.000000] ACPI: INT_SRC_OVR (bus 0 bus_irq 9 global_irq 9 low level)
[    0.000000] Using ACPI (MADT) for SMP configuration information
[    0.000000] smpboot: Allowing 1 CPUs, 0 hotplug CPUs
[    0.000000] PM: Registered nosave memory: [mem 0x00000000-0x00000fff]
[    0.000000] PM: Registered nosave memory: [mem 0x0009f000-0x0009ffff]
[    0.000000] PM: Registered nosave memory: [mem 0x000a0000-0x000effff]
[    0.000000] PM: Registered nosave memory: [mem 0x000f0000-0x000fffff]
[    0.000000] e820: [mem 0x40000000-0xfebfffff] available for PCI devices
[    0.000000] Booting paravirtualized kernel on KVM
[    0.000000] clocksource: refined-jiffies: mask: 0xffffffff max_cycles: 0xffffffff, max_idle_ns: 7645519600211568 ns
[    0.000000] setup_percpu: NR_CPUS:512 nr_cpumask_bits:512 nr_cpu_ids:1 nr_node_ids:1
[    0.000000] PERCPU: Embedded 33 pages/cpu @ffff88003fc00000 s95192 r8192 d31784 u2097152
[    0.000000] Built 1 zonelists in Node order, mobility grouping on.  Total pages: 257912
[    0.000000] Policy zone: DMA32
[    0.000000] Kernel command line: BOOT_IMAGE=/boot/vmlinuz-4.4.0-210-generic root=LABEL=cloudimg-rootfs ro console=tty1 console=ttyS0
[    0.000000] PID hash table entries: 4096 (order: 3, 32768 bytes)
[    0.000000] Memory: 997924K/1048120K available (8644K kernel code, 1332K rwdata, 4044K rodata, 1492K init, 1164K bss, 50196K reserved, 0K cma-reserved)
[    0.000000] SLUB: HWalign=64, Order=0-3, MinObjects=0, CPUs=1, Nodes=1
[    0.000000] Kernel/User page tables isolation: enabled
[    0.000000] Hierarchical RCU implementation.
[    0.000000] 	Build-time adjustment of leaf fanout to 64.
[    0.000000] 	RCU restricting CPUs from NR_CPUS=512 to nr_cpu_ids=1.
[    0.000000] RCU: Adjusting geometry for rcu_fanout_leaf=64, nr_cpu_ids=1
[    0.000000] NR_IRQS:33024 nr_irqs:256 16
[    0.000000] Console: colour VGA+ 80x25
[    0.000000] console [tty1] enabled
[    0.000000] console [ttyS0] enabled
[    0.000000] tsc: Detected 3591.688 MHz processor
[    0.270602] Calibrating delay loop (skipped) preset value.. 7183.37 BogoMIPS (lpj=14366752)
[    0.273494] pid_max: default: 32768 minimum: 301
[    0.274989] ACPI: Core revision 20150930
[    0.280321] ACPI: 2 ACPI AML tables successfully acquired and loaded
[    0.282539] Security Framework initialized
[    0.284351] Yama: becoming mindful.
[    0.285579] AppArmor: AppArmor initialized
[    0.287369] Dentry cache hash table entries: 131072 (order: 8, 1048576 bytes)
[    0.293708] Inode-cache hash table entries: 65536 (order: 7, 524288 bytes)
[    0.296115] Mount-cache hash table entries: 2048 (order: 2, 16384 bytes)
[    0.298279] Mountpoint-cache hash table entries: 2048 (order: 2, 16384 bytes)
[    0.301151] Initializing cgroup subsys io
[    0.302674] Initializing cgroup subsys memory
[    0.304081] Initializing cgroup subsys devices
[    0.305568] Initializing cgroup subsys freezer
[    0.307228] Initializing cgroup subsys net_cls
[    0.308648] Initializing cgroup subsys perf_event
[    0.310277] Initializing cgroup subsys net_prio
[    0.311679] Initializing cgroup subsys hugetlb
[    0.313117] Initializing cgroup subsys pids
[    0.315625] mce: CPU supports 0 MCE banks
[    0.317427] process: using mwait in idle threads
[    0.319119] Last level iTLB entries: 4KB 1024, 2MB 1024, 4MB 1024
[    0.320940] Last level dTLB entries: 4KB 1024, 2MB 1024, 4MB 1024, 1GB 4
[    0.323038] Spectre V1 : Mitigation: usercopy/swapgs barriers and __user pointer sanitization
[    0.325759] Spectre V2 : Mitigation: Full generic retpoline
[    0.327571] Spectre V2 : Spectre v2 / SpectreRSB mitigation: Filling RSB on context switch
[    0.330592] Speculative Store Bypass: Vulnerable
[    0.332313] SRBDS: Unknown: Dependent on hypervisor status
[    0.334386] MDS: Mitigation: Clear CPU buffers
[    0.378866] Freeing SMP alternatives memory: 36K
[    0.388990] ftrace: allocating 32380 entries in 127 pages
[    0.481261] smpboot: APIC(0) Converting physical 0 to logical package 0
[    0.483711] smpboot: Max logical packages: 1
[    0.485708] x2apic enabled
[    0.487349] Switched APIC routing to physical x2apic.
[    0.491255] ..TIMER: vector=0x30 apic1=0 pin1=2 apic2=-1 pin2=-1
[    0.601732] smpboot: CPU0: Intel(R) Core(TM) i7-4790 CPU @ 3.60GHz (family: 0x6, model: 0x3c, stepping: 0x3)
[    0.605488] Performance Events: unsupported p6 CPU model 60 no PMU driver, software events only.
[    0.622283] KVM setup paravirtual spinlock
[    0.624487] x86: Booted up 1 node, 1 CPUs
[    0.625871] smpboot: Total of 1 processors activated (7183.37 BogoMIPS)
[    0.628557] devtmpfs: initialized
[    0.639758] evm: security.selinux
[    0.640966] evm: security.SMACK64
[    0.642241] evm: security.SMACK64EXEC
[    0.643586] evm: security.SMACK64TRANSMUTE
[    0.645086] evm: security.SMACK64MMAP
[    0.646543] evm: security.ima
[    0.647762] evm: security.capability
[    0.649602] clocksource: jiffies: mask: 0xffffffff max_cycles: 0xffffffff, max_idle_ns: 7645041785100000 ns
[    0.652937] futex hash table entries: 256 (order: 2, 16384 bytes)
[    0.654979] pinctrl core: initialized pinctrl subsystem
[    0.657113] RTC time: 11:58:01, date: 02/06/23
[    0.659112] NET: Registered protocol family 16
[    0.660958] cpuidle: using governor ladder
[    0.662443] cpuidle: using governor menu
[    0.663971] PCCT header not found.
[    0.665358] ACPI: bus type PCI registered
[    0.667053] acpiphp: ACPI Hot Plug PCI Controller Driver version: 0.5
[    0.669516] PCI: Using configuration type 1 for base access
[    0.674041] ACPI: Added _OSI(Module Device)
[    0.675652] ACPI: Added _OSI(Processor Device)
[    0.678478] ACPI: Added _OSI(3.0 _SCP Extensions)
[    0.680216] ACPI: Added _OSI(Processor Aggregator Device)
[    0.683529] ACPI: Executed 1 blocks of module-level executable AML code
[    0.690603] ACPI: Interpreter enabled
[    0.691938] ACPI: (supports S0 S5)
[    0.693153] ACPI: Using IOAPIC for interrupt routing
[    0.695123] PCI: Using host bridge windows from ACPI; if necessary, use "pci=nocrs" and report a bug
[    0.705976] ACPI: PCI Root Bridge [PCI0] (domain 0000 [bus 00-ff])
[    0.707823] acpi PNP0A03:00: _OSC: OS supports [ASPM ClockPM Segments MSI]
[    0.710537] acpi PNP0A03:00: _OSC: not requesting OS control; OS requires [ExtendedConfig ASPM ClockPM MSI]
[    0.713521] acpi PNP0A03:00: fail to add MMCONFIG information, can't access extended PCI configuration space under this bridge.
[    0.718051] PCI host bridge to bus 0000:00
[    0.719391] pci_bus 0000:00: root bus resource [io  0x0000-0x0cf7 window]
[    0.721269] pci_bus 0000:00: root bus resource [io  0x0d00-0xffff window]
[    0.723298] pci_bus 0000:00: root bus resource [mem 0x000a0000-0x000bffff window]
[    0.725793] pci_bus 0000:00: root bus resource [mem 0x40000000-0xfdffffff window]
[    0.728323] pci_bus 0000:00: root bus resource [bus 00-ff]
[    0.732387] pci 0000:00:01.1: legacy IDE quirk: reg 0x10: [io  0x01f0-0x01f7]
[    0.734615] pci 0000:00:01.1: legacy IDE quirk: reg 0x14: [io  0x03f6]
[    0.736583] pci 0000:00:01.1: legacy IDE quirk: reg 0x18: [io  0x0170-0x0177]
[    0.738594] pci 0000:00:01.1: legacy IDE quirk: reg 0x1c: [io  0x0376]
[    0.775982] pci 0000:00:07.0: quirk: [io  0x4000-0x403f] claimed by PIIX4 ACPI
[    0.778675] pci 0000:00:07.0: quirk: [io  0x4100-0x410f] claimed by PIIX4 SMB
[    0.792640] ACPI: PCI Interrupt Link [LNKA] (IRQs 5 9 10 *11)
[    0.795370] ACPI: PCI Interrupt Link [LNKB] (IRQs 5 9 *10 11)
[    0.797759] ACPI: PCI Interrupt Link [LNKC] (IRQs 5 *9 10 11)
[    0.800288] ACPI: PCI Interrupt Link [LNKD] (IRQs 5 9 10 *11)
[    0.802764] ACPI: Enabled 2 GPEs in block 00 to 07
[    0.804844] vgaarb: setting as boot device: PCI:0000:00:02.0
[    0.806688] vgaarb: device added: PCI:0000:00:02.0,decodes=io+mem,owns=io+mem,locks=none
[    0.809907] vgaarb: loaded
[    0.811439] vgaarb: bridge control possible 0000:00:02.0
[    0.814288] SCSI subsystem initialized
[    0.815988] ACPI: bus type USB registered
[    0.817691] usbcore: registered new interface driver usbfs
[    0.819626] usbcore: registered new interface driver hub
[    0.821459] usbcore: registered new device driver usb
[    0.823494] PCI: Using ACPI for IRQ routing
[    0.825736] NetLabel: Initializing
[    0.827223] NetLabel:  domain hash size = 128
[    0.828971] NetLabel:  protocols = UNLABELED CIPSOv4
[    0.830882] NetLabel:  unlabeled traffic allowed by default
[    0.833397] amd_nb: Cannot enumerate AMD northbridges
[    0.835189] clocksource: Switched to clocksource kvm-clock
[    0.856155] AppArmor: AppArmor Filesystem Enabled
[    0.857936] pnp: PnP ACPI init
[    0.860641] pnp: PnP ACPI: found 3 devices
[    0.872383] clocksource: acpi_pm: mask: 0xffffff max_cycles: 0xffffff, max_idle_ns: 2085701024 ns
[    0.875740] NET: Registered protocol family 2
[    0.877640] TCP established hash table entries: 8192 (order: 4, 65536 bytes)
[    0.879719] TCP bind hash table entries: 8192 (order: 5, 131072 bytes)
[    0.881660] TCP: Hash tables configured (established 8192 bind 8192)
[    0.883605] UDP hash table entries: 512 (order: 2, 16384 bytes)
[    0.885795] UDP-Lite hash table entries: 512 (order: 2, 16384 bytes)
[    0.887822] NET: Registered protocol family 1
[    0.889465] pci 0000:00:00.0: Limiting direct PCI/PCI transfers
[    0.891380] pci 0000:00:01.0: Activating ISA DMA hang workarounds
[    0.893542] Unpacking initramfs...
[    1.329880] Freeing initrd memory: 14888K
[    1.331895] RAPL PMU detected, API unit is 2^-32 Joules, 4 fixed counters 10737418240 ms ovfl timer
[    1.336268] hw unit of domain pp0-core 2^-0 Joules
[    1.338325] hw unit of domain package 2^-0 Joules
[    1.340446] hw unit of domain dram 2^-0 Joules
[    1.342370] hw unit of domain pp1-gpu 2^-0 Joules
[    1.344002] clocksource: tsc: mask: 0xffffffffffffffff max_cycles: 0x33c5a73f96b, max_idle_ns: 440795303379 ns
[    1.347174] platform rtc_cmos: registered platform RTC device (no PNP device found)
[    1.350281] Scanning for low memory corruption every 60 seconds
[    1.363421] audit: initializing netlink subsys (disabled)
[    1.365121] audit: type=2000 audit(1675684687.058:1): initialized
[    1.367580] Initialise system trusted keyring
[    1.369210] HugeTLB registered 2 MB page size, pre-allocated 0 pages
[    1.373809] zbud: loaded
[    1.375265] VFS: Disk quotas dquot_6.6.0
[    1.376687] VFS: Dquot-cache hash table entries: 512 (order 0, 4096 bytes)
[    1.379085] squashfs: version 4.0 (2009/01/31) Phillip Lougher
[    1.381246] fuse init (API version 7.23)
[    1.383055] Key type big_key registered
[    1.384502] Allocating IMA MOK and blacklist keyrings.
[    1.386625] Key type asymmetric registered
[    1.388148] Asymmetric key parser 'x509' registered
[    1.389817] Block layer SCSI generic (bsg) driver version 0.4 loaded (major 249)
[    1.392714] io scheduler noop registered
[    1.394420] io scheduler deadline registered (default)
[    1.396652] io scheduler cfq registered
[    1.398286] pci_hotplug: PCI Hot Plug PCI Core version: 0.5
[    1.400130] pciehp: PCI Express Hot Plug Controller Driver version: 0.4
[    1.402338] ACPI: AC Adapter [AC] (on-line)
[    1.403796] input: Power Button as /devices/LNXSYSTM:00/LNXPWRBN:00/input/input0
[    1.406365] ACPI: Power Button [PWRF]
[    1.407749] input: Sleep Button as /devices/LNXSYSTM:00/LNXSLPBN:00/input/input1
[    1.410281] ACPI: Sleep Button [SLPF]
[    1.411952] GHES: HEST is not enabled!
[    1.413371] Serial: 8250/16550 driver, 32 ports, IRQ sharing enabled
[    1.436205] 00:02: ttyS0 at I/O 0x3f8 (irq = 4, base_baud = 115200) is a 16550A
[    1.441168] Linux agpgart interface v0.103
[    1.445223] loop: module loaded
[    1.447854] scsi host0: ata_piix
[    1.449688] scsi host1: ata_piix
[    1.451366] ata1: PATA max UDMA/33 cmd 0x1f0 ctl 0x3f6 bmdma 0xd000 irq 14
[    1.455299] ata2: PATA max UDMA/33 cmd 0x170 ctl 0x376 bmdma 0xd008 irq 15
[    1.460147] libphy: Fixed MDIO Bus: probed
[    1.461961] tun: Universal TUN/TAP device driver, 1.6
[    1.464218] tun: (C) 1999-2004 Max Krasnyansky <maxk@qualcomm.com>
[    1.469317] PPP generic driver version 2.4.2
[    1.471359] ehci_hcd: USB 2.0 'Enhanced' Host Controller (EHCI) Driver
[    1.482822] ehci-pci: EHCI PCI platform driver
[    1.488973] ehci-platform: EHCI generic platform driver
[    1.490651] ohci_hcd: USB 1.1 'Open' Host Controller (OHCI) Driver
[    1.492505] ohci-pci: OHCI PCI platform driver
[    1.493970] ohci-platform: OHCI generic platform driver
[    1.495591] uhci_hcd: USB Universal Host Controller Interface driver
[    1.497576] i8042: PNP: PS/2 Controller [PNP0303:PS2K,PNP0f03:PS2M] at 0x60,0x64 irq 1,12
[    1.501038] serio: i8042 KBD port at 0x60,0x64 irq 1
[    1.502615] serio: i8042 AUX port at 0x60,0x64 irq 12
[    1.504519] mousedev: PS/2 mouse device common for all mice
[    1.506621] input: AT Translated Set 2 keyboard as /devices/platform/i8042/serio0/input/input2
[    1.510193] rtc_cmos rtc_cmos: rtc core: registered rtc_cmos as rtc0
[    1.512237] rtc_cmos rtc_cmos: alarms up to one day, 114 bytes nvram
[    1.514053] i2c /dev entries driver
[    1.515421] device-mapper: uevent: version 1.0.3
[    1.516993] device-mapper: ioctl: 4.34.0-ioctl (2015-10-28) initialised: dm-devel@redhat.com
[    1.519798] ledtrig-cpu: registered to indicate activity on CPUs
[    1.522112] NET: Registered protocol family 10
[    1.523821] NET: Registered protocol family 17
[    1.525322] Key type dns_resolver registered
[    1.527131] registered taskstats version 1
[    1.528583] Loading compiled-in X.509 certificates
[    1.530886] Loaded X.509 cert 'Build time autogenerated kernel key: cf00e047681d67edb2720680708b7d9498083038'
[    1.534071] zswap: loaded using pool lzo/zbud
[    1.537996] Key type trusted registered
[    1.543414] Key type encrypted registered
[    1.544848] AppArmor: AppArmor sha1 policy hashing enabled
[    1.546485] ima: No TPM chip found, activating TPM-bypass!
[    1.548211] ima: Allocated hash algorithm: sha1
[    1.549738] evm: HMAC attrs: 0x1
[    1.551324]   Magic number: 11:34:984
[    1.552691] rtc_cmos rtc_cmos: setting system clock to 2023-02-06 11:58:02 UTC (1675684682)
[    1.555483] BIOS EDD facility v0.16 2004-Jun-25, 0 devices found
[    1.557283] EDD information not available.
[    1.643940] Freeing unused kernel memory: 1492K
[    1.645508] Write protecting the kernel read-only data: 14336k
[    1.648031] Freeing unused kernel memory: 1584K
[    1.650108] Freeing unused kernel memory: 52K
Loading, please wait...
starting version 229
[    1.670311] random: udevadm: uninitialized urandom read (16 bytes read, 3 bits of entropy available)
[    1.674317] random: systemd-udevd: uninitialized urandom read (16 bytes read, 3 bits of entropy available)
[    1.677885] random: systemd-udevd: uninitialized urandom read (16 bytes read, 3 bits of entropy available)
[    1.681356] random: udevadm: uninitialized urandom read (16 bytes read, 3 bits of entropy available)
[    1.684736] random: systemd-udevd: uninitialized urandom read (16 bytes read, 3 bits of entropy available)
[    1.691251] random: systemd-udevd: uninitialized urandom read (16 bytes read, 3 bits of entropy available)
[    1.702698] random: systemd-udevd: uninitialized urandom read (16 bytes read, 3 bits of entropy available)
[    1.707323] random: systemd-udevd: uninitialized urandom read (16 bytes read, 3 bits of entropy available)
[    1.710575] random: systemd-udevd: uninitialized urandom read (16 bytes read, 3 bits of entropy available)
[    1.717823] random: udevadm: uninitialized urandom read (16 bytes read, 3 bits of entropy available)
[    1.815250] e1000: Intel(R) PRO/1000 Network Driver - version 7.3.21-k8-NAPI
[    1.817858] e1000: Copyright (c) 1999-2006 Intel Corporation.
[    1.826630] Fusion MPT base driver 3.04.20
[    1.828224] Copyright (c) 1999-2008 LSI Corporation
[    1.854496] Fusion MPT SPI Host driver 3.04.20
[    1.913511] AVX2 version of gcm_enc/dec engaged.
[    1.915387] AES CTR mode by8 optimization enabled
[    2.042960] input: ImExPS/2 Generic Explorer Mouse as /devices/platform/i8042/serio1/input/input4
[    2.304327] e1000 0000:00:03.0 eth0: (PCI:33MHz:32-bit) 02:be:82:6b:cc:1d
[    2.306431] e1000 0000:00:03.0 eth0: Intel(R) PRO/1000 Network Connection
[    2.309632] mptbase: ioc0: Initiating bringup
[    2.380939] ioc0: LSI53C1030 A0: Capabilities={Initiator}
[    2.549828] scsi host2: ioc0: LSI53C1030 A0, FwRev=00000000h, Ports=1, MaxQ=256, IRQ=20
[    2.668047] scsi 2:0:0:0: Direct-Access     VBOX     HARDDISK         1.0  PQ: 0 ANSI: 5
[    2.688830] scsi target2:0:0: Beginning Domain Validation
[    2.697661] scsi target2:0:0: Domain Validation skipping write tests
[    2.703317] scsi target2:0:0: Ending Domain Validation
[    2.708237] scsi target2:0:0: asynchronous
[    2.713367] scsi 2:0:1:0: Direct-Access     VBOX     HARDDISK         1.0  PQ: 0 ANSI: 5
[    2.758785] scsi target2:0:1: Beginning Domain Validation
[    2.814654] scsi target2:0:1: Domain Validation skipping write tests
[    2.816659] scsi target2:0:1: Ending Domain Validation
[    2.827923] scsi target2:0:1: asynchronous
[    2.966310] sd 2:0:0:0: Attached scsi generic sg0 type 0
[    2.968148] sd 2:0:0:0: [sda] 83886080 512-byte logical blocks: (42.9 GB/40.0 GiB)
[    2.971275] sd 2:0:1:0: [sdb] 20480 512-byte logical blocks: (10.5 MB/10.0 MiB)
[    2.974125] sd 2:0:1:0: Attached scsi generic sg1 type 0
[    2.975988] sd 2:0:0:0: [sda] Write Protect is off
[    2.977579] sd 2:0:1:0: [sdb] Write Protect is off
[    2.985651] sd 2:0:0:0: [sda] Incomplete mode parameter data
[    2.987858] sd 2:0:0:0: [sda] Assuming drive cache: write through
[    2.995284] sd 2:0:1:0: [sdb] Incomplete mode parameter data
[    2.997237] sd 2:0:1:0: [sdb] Assuming drive cache: write through
[    3.010977]  sda: sda1
[    3.013139] sd 2:0:0:0: [sda] Attached SCSI disk
[    3.015082] sd 2:0:1:0: [sdb] Attached SCSI disk
[    3.191891] e1000 0000:00:08.0 eth1: (PCI:33MHz:32-bit) 08:00:27:28:3f:08
[    3.193918] e1000 0000:00:08.0 eth1: Intel(R) PRO/1000 Network Connection
[    3.197485] e1000 0000:00:08.0 enp0s8: renamed from eth1
[    3.201553] e1000 0000:00:03.0 enp0s3: renamed from eth0
Begin: Loading essential drivers ... [    4.937590] md: linear personality registered for level -1
[    4.944015] md: multipath personality registered for level -4
[    4.949739] md: raid0 personality registered for level 0
[    4.956174] md: raid1 personality registered for level 1
[    5.031256] raid6: sse2x1   gen()  3161 MB/s
[    5.099271] raid6: sse2x1   xor()  2037 MB/s
[    5.167214] raid6: sse2x2   gen()  5419 MB/s
[    5.235235] raid6: sse2x2   xor()  3793 MB/s
[    5.303245] raid6: sse2x4   gen()  7502 MB/s
[    5.371225] raid6: sse2x4   xor()  4596 MB/s
[    5.439267] raid6: avx2x1   gen()  6674 MB/s
[    5.507241] raid6: avx2x2   gen() 10111 MB/s
[    5.575216] raid6: avx2x4   gen() 15738 MB/s
[    5.576702] raid6: using algorithm avx2x4 gen() 15738 MB/s
[    5.578450] raid6: using avx2x2 recovery algorithm
[    5.582474] xor: automatically using best checksumming function:
[    5.623254]    avx       : 19813.000 MB/sec
[    5.626966] async_tx: api initialized (async)
[    5.645671] md: raid6 personality registered for level 6
[    5.647518] md: raid5 personality registered for level 5
[    5.649265] md: raid4 personality registered for level 4
[    5.659857] md: raid10 personality registered for level 10
done.
Begin: Running /scripts/init-premount ... done.
Begin: Mounting root file system ... Begin: Running /scripts/local-top ... done.
Begin: Running /scripts/local-premount ... [    5.718683] Btrfs loaded
Scanning for Btrfs filesystems
done.
Warning: fsck not present, so skipping root file system
[    5.753548] EXT4-fs (sda1): mounted filesystem with ordered data mode. Opts: (null)
done.
Begin: Running /scripts/local-bottom ... done.
Begin: Running /scripts/init-bottom ... done.
[    5.859602] systemd[1]: systemd 229 running in system mode. (+PAM +AUDIT +SELINUX +IMA +APPARMOR +SMACK +SYSVINIT +UTMP +LIBCRYPTSETUP +GCRYPT +GNUTLS +ACL +XZ -LZ4 +SECCOMP +BLKID +ELFUTILS +KMOD -IDN)
[    5.864727] systemd[1]: Detected virtualization oracle.
[    5.866494] systemd[1]: Detected architecture x86-64.

Welcome to [1mUbuntu 16.04.7 LTS[0m!

[    5.871068] systemd[1]: Set hostname to <ubuntu>.
[    5.875091] systemd[1]: Initializing machine ID from random generator.
[    5.877299] systemd[1]: Installed transient /etc/machine-id file.
[    6.026664] systemd[1]: Started Forward Password Requests to Wall Directory Watch.
[[0;32m  OK  [0m] Started Forward Password Requests to Wall Directory Watch.
[    6.031026] systemd[1]: Reached target Swap.
[[0;32m  OK  [0m] Reached target Swap.
[    6.033833] systemd[1]: Listening on Journal Socket.
[[0;32m  OK  [0m] Listening on Journal Socket.
[    6.036823] systemd[1]: Listening on udev Control Socket.
[[0;32m  OK  [0m] Listening on udev Control Socket.
[    6.040282] systemd[1]: Created slice User and Session Slice.
[[0;32m  OK  [0m] Created slice User and Session Slice.
[    6.043411] systemd[1]: Reached target User and Group Name Lookups.
[[0;32m  OK  [0m] Reached target User and Group Name Lookups.
[    6.046720] systemd[1]: Listening on fsck to fsckd communication Socket.
[[0;32m  OK  [0m] Listening on fsck to fsckd communication Socket.
[    6.050445] systemd[1]: Reached target Encrypted Volumes.
[[0;32m  OK  [0m] Reached target Encrypted Volumes.
[    6.059429] systemd[1]: Listening on udev Kernel Socket.
[[0;32m  OK  [0m] Listening on udev Kernel Socket.
[    6.062502] systemd[1]: Listening on LVM2 metadata daemon socket.
[[0;32m  OK  [0m] Listening on LVM2 metadata daemon socket.
[    6.065683] systemd[1]: Started Trigger resolvconf update for networkd DNS.
[[0;32m  OK  [0m] Started Trigger resolvconf update for networkd DNS.
[    6.076455] systemd[1]: Created slice System Slice.
[[0;32m  OK  [0m] Created slice System Slice.
[    6.080185] systemd[1]: Starting Uncomplicated firewall...
         Starting Uncomplicated firewall...
[    6.088806] systemd[1]: Mounting POSIX Message Queue File System...
         Mounting POSIX Message Queue File System...
[    6.097427] systemd[1]: Starting Create list of required static device nodes for the current kernel...
         Starting Create list of required st... nodes for the current kernel...
[    6.106340] systemd[1]: Created slice system-serial\x2dgetty.slice.
[[0;32m  OK  [0m] Created slice system-serial\x2dgetty.slice.
[    6.112137] systemd[1]: Starting Set console keymap...
         Starting Set console keymap...
[    6.116937] systemd[1]: Starting Nameserver information manager...
         Starting Nameserver information manager...
[    6.128804] systemd[1]: Starting File System Check on Root Device...
         Starting File System Check on Root Device...
[    6.140182] systemd[1]: Starting Load Kernel Modules...
         Starting Load Kernel Modules...
[    6.147896] systemd[1]: Reached target Slices.
[[0;32m  OK  [0m] Reached target Slices.
[    6.155664] systemd[1]: Mounting Huge Pages File System...
         Mounting Huge Pages File System...
[    6.164164] systemd[1]: Listening on Device-mapper event daemon FIFOs.
[[0;32m  OK  [0m] Listening on Device-mapper event daemon FIFOs.
[    6.170212] systemd[1]: Mounting Debug File System...
         Mounting Debug File System...
[    6.179139] systemd[1]: Listening on LVM2 poll daemon socket.
[    6.181945] Loading iSCSI transport class v2.0-870.
[[0;32m  OK  [0m] Listening on LVM2 poll daemon socket.
[    6.185703] systemd[1]: Listening on Syslog Socket.
[[0;32m  OK  [0m] Listening on Syslog Socket.
[    6.191453] systemd[1]: Listening on Journal Audit Socket.
[[0;32m  OK  [0m] Listening on Journal Audit Socket.
[    6.199589] systemd[1]: Reached target System Time Synchronized.
[[0;32m  OK  [0m] Reached target System Time Synchronized.
[    6.207474] systemd[1]: Set up automount Arbitrary Executable File Formats File System Automount Point.
[[0;32m  OK  [0m] Set up automount Arbitrary Executab...ats File System Automount Point.
[    6.217460] systemd[1]: Listening on Journal Socket (/dev/log).
[    6.220152] iscsi: registered transport (tcp)
[[0;32m  OK  [0m] Listening on Journal Socket (/dev/log).
[    6.223960] systemd[1]: Starting Journal Service...
         Starting Journal Service...
[    6.232986] systemd[1]: Starting Monitoring of LVM2 mirrors, snapshots etc. using dmeventd or progress polling...
         Starting Monitoring of LVM2 mirrors... dmeventd or progress polling...
[    6.243544] systemd[1]: Listening on /dev/initctl Compatibility Named Pipe.
[[0;32m  OK  [0m] Listening on /dev/initctl Compatibility Named Pipe.
[    6.256931] systemd[1]: Mounted Huge Pages File System.
[[0;32m  OK  [0m] Mounted Huge Pages File System.
[    6.262380] systemd[1]: Mounted POSIX Message Queue File System.
[[0;32m  OK  [0m] Mounted POSIX Message Queue File System.
[    6.270492] systemd[1]: Mounted Debug File System.
[[0;32m  OK  [0m] Mounted Debug File System.
[    6.275561] systemd[1]: Started Uncomplicated firewall.
[[0;32m  OK  [0m] Started Uncomplicated firewall.
[    6.284212] systemd[1]: Started Create list of required static device nodes for the current kernel.
[[0;32m  OK  [0m] Started Create list of required sta...ce nodes for the current kernel.
[    6.307518] systemd[1]: Started File System Check on Root Device.
[[0;32m  OK  [0m] Started File System Check on Root Device.
[    6.317285] systemd[1]: Started Nameserver information manager.
[[0;32m  OK  [0m] Started Nameserver information manager.
[    6.340331] systemd[1]: Started LVM2 metadata daemon.
[[0;32m  OK  [0m] Started LVM2 metadata daemon.
[    6.352999] systemd[1]: Started File System Check Daemon to report status.
[[0;32m  OK  [0m] Started File System Check Daemon to report status.
[    6.371502] systemd[1]: Starting Remount Root and Kernel File Systems...
         Starting Remount Root and Kernel File Systems...
[    6.381231] systemd[1]: Starting Create Static Device Nodes in /dev...
         Starting Create Static Device Nodes in /dev...
[    6.396285] EXT4-fs (sda1): re-mounted. Opts: (null)
[    6.406694] systemd[1]: Started Remount Root and Kernel File Systems.
[[0;32m  OK  [0m] Started Remount Root and Kernel File Systems.
[    6.417967] systemd[1]: Starting udev Coldplug all Devices...
         Starting udev Coldplug all Devices...
[    6.428492] systemd[1]: Starting Load/Save Random Seed...
         Starting Load/Save Random Seed...
[    6.441765] systemd[1]: Started Load/Save Random Seed.
[[0;32m  OK  [0m] Started Load/Save Random Seed.
[    6.452195] systemd[1]: Started Create Static Device Nodes in /dev.
[[0;32m  OK  [0m] Started Create Static Device Nodes in /dev.
[    6.460675] systemd[1]: Starting udev Kernel Device Manager...
         Starting udev Kernel Device Manager...
[    6.479011] systemd[1]: Started Journal Service.
[[0;32m  OK  [0m] Started Journal Service.
         Starting Flush Journal to Persistent Storage...
[    6.493589] iscsi: registered transport (iser)
[    6.507598] systemd-journald[393]: Received request to flush runtime journal from PID 1
[[0;32m  OK  [0m] Started Load Kernel Modules.
         Mounting FUSE Control File System...
         Starting Apply Kernel Variables...
[[0;32m  OK  [0m] Started Flush Journal to Persistent Storage.
[[0;32m  OK  [0m] Mounted FUSE Control File System.
[[0;32m  OK  [0m] Started Apply Kernel Variables.
[[0;32m  OK  [0m] Started udev Kernel Device Manager.
[[0;32m  OK  [0m] Started udev Coldplug all Devices.
[[0;32m  OK  [0m] Started Set console keymap.
[[0;32m  OK  [0m] Started Dispatch Password Requests to Console Directory Watch.
[[0;32m  OK  [0m] Started Monitoring of LVM2 mirrors,...ng dmeventd or progress polling.
[[0;32m  OK  [0m] Reached target Local File Systems (Pre).
[[0;32m  OK  [0m] Reached target Local File Systems.
         Starting Commit a transient machine-id on disk...
         Starting Create Volatile Files and Directories...
         Starting Initial cloud-init job (pre-networking)...
         Starting Tell Plymouth To Write Out Runtime Data...
         Starting Set console font and keymap...
         Starting LSB: AppArmor initialization...
[[0;32m  OK  [0m] Started Commit a transient machine-id on disk.
[[0;32m  OK  [0m] Started Tell Plymouth To Write Out Runtime Data.
[[0;32m  OK  [0m] Started Create Volatile Files and Directories.
         Starting Update UTMP about System Boot/Shutdown...
[[0;32m  OK  [0m] Started Update UTMP about System Boot/Shutdown.
[[0;32m  OK  [0m] Found device /dev/ttyS0.
[[0;32m  OK  [0m] Listening on Load/Save RF Kill Switch Status /dev/rfkill Watch.
[   10.220416] cloud-init[492]: Cloud-init v. 21.1-19-gbad84ad4-0ubuntu1~16.04.2 running 'init-local' at Mon, 06 Feb 2023 11:58:10 +0000. Up 9.11 seconds.
[[0;32m  OK  [0m] Started Initial cloud-init job (pre-networking).
[[0;32m  OK  [0m] Reached target Network (Pre).
[[0;32m  OK  [0m] Started Set console font and keymap.
[[0;32m  OK  [0m] Created slice system-getty.slice.
[[0;32m  OK  [0m] Started LSB: AppArmor initialization.
         Starting Raise network interfaces...
         Starting Load AppArmor profiles managed internally by snapd...
[[0;32m  OK  [0m] Started Load AppArmor profiles managed internally by snapd.
[[0;32m  OK  [0m] Started Raise network interfaces.
[[0;32m  OK  [0m] Reached target Network.
         Starting Initial cloud-init job (metadata service crawler)...
[   14.766645] cloud-init[965]: Cloud-init v. 21.1-19-gbad84ad4-0ubuntu1~16.04.2 running 'init' at Mon, 06 Feb 2023 11:58:15 +0000. Up 13.85 seconds.
[   14.769290] cloud-init[965]: ci-info: ++++++++++++++++++++++++++++++++++++++Net device info+++++++++++++++++++++++++++++++++++++++
[   14.776668] cloud-init[965]: ci-info: +--------+-------+----------------------------+---------------+--------+-------------------+
[   14.780330] cloud-init[965]: ci-info: | Device |   Up  |          Address           |      Mask     | Scope  |     Hw-Address    |
[   14.788438] cloud-init[965]: ci-info: +--------+-------+----------------------------+---------------+--------+-------------------+
[   14.790784] cloud-init[965]: ci-info: | enp0s3 |  True |         10.0.2.15          | 255.255.255.0 | global | 02:be:82:6b:cc:1d |
[   14.796575] cloud-init[965]: ci-info: | enp0s3 |  True | fe80::be:82ff:fe6b:cc1d/64 |       .       |  link  | 02:be:82:6b:cc:1d |
[   14.800406] cloud-init[965]: ci-info: | enp0s8 | False |             .              |       .       |   .    | 08:00:27:28:3f:08 |
[   14.804316] cloud-init[965]: ci-info: |   lo   |  True |         127.0.0.1          |   255.0.0.0   |  host  |         .         |
[   14.808419] cloud-init[965]: ci-info: |   lo   |  True |          ::1/128           |       .       |  host  |         .         |
[   14.812494] cloud-init[965]: ci-info: +--------+-------+----------------------------+---------------+--------+-------------------+
[   14.816310] cloud-init[965]: ci-info: +++++++++++++++++++++++++++Route IPv4 info++++++++++++++++++++++++++++
[   14.820413] cloud-init[965]: ci-info: +-------+-------------+----------+---------------+-----------+-------+
[   14.822297] cloud-init[965]: ci-info: | Route | Destination | Gateway  |    Genmask    | Interface | Flags |
[   14.828438] cloud-init[965]: ci-info: +-------+-------------+----------+---------------+-----------+-------+
[   14.830879] cloud-init[965]: ci-info: |   0   |   0.0.0.0   | 10.0.2.2 |    0.0.0.0    |   enp0s3  |   UG  |
[   14.836492] cloud-init[965]: ci-info: |   1   |   10.0.2.0  | 0.0.0.0  | 255.255.255.0 |   enp0s3  |   U   |
[   14.838579] cloud-init[965]: ci-info: +-------+-------------+----------+---------------+-----------+-------+
[   14.844495] cloud-init[965]: ci-info: +++++++++++++++++++Route IPv6 info+++++++++++++++++++
[   14.848262] cloud-init[965]: ci-info: +-------+-------------+---------+-----------+-------+
[   14.852242] cloud-init[965]: ci-info: | Route | Destination | Gateway | Interface | Flags |
[   14.854112] cloud-init[965]: ci-info: +-------+-------------+---------+-----------+-------+
[   14.860339] cloud-init[965]: ci-info: |   0   |  fe80::/64  |    ::   |   enp0s3  |   U   |
[   14.862007] cloud-init[965]: ci-info: |   3   |   ff00::/8  |    ::   |   enp0s3  |   U   |
[   14.864413] cloud-init[965]: ci-info: +-------+-------------+---------+-----------+-------+
[   14.868341] cloud-init[965]: Generating public/private rsa key pair.
[   14.872256] cloud-init[965]: Your identification has been saved in /etc/ssh/ssh_host_rsa_key.
[   14.876379] cloud-init[965]: Your public key has been saved in /etc/ssh/ssh_host_rsa_key.pub.
[   14.878209] cloud-init[965]: The key fingerprint is:
[   14.879638] cloud-init[965]: SHA256:6tc7YPPBIEAbbVw/2cmzQFBMrYJ8phY9bjntIdZQngw root@ubuntu-xenial
[   14.885515] cloud-init[965]: The key's randomart image is:
[   14.886903] cloud-init[965]: +---[RSA 2048]----+
[   14.888280] cloud-init[965]: |   .oo .o=+.     |
[   14.892370] cloud-init[965]: |    .o+ Eoo+..   |
[   14.896375] cloud-init[965]: |    .+ o ==o=    |
[   14.897685] cloud-init[965]: |      = O =o o   |
[   14.904446] cloud-init[965]: |       BSX  .    |
[   14.905762] cloud-init[965]: |      o.@ *      |
[   14.907150] cloud-init[965]: |     ..+ O o     |
[   14.912481] cloud-init[965]: |     .  . =      |
[   14.913805] cloud-init[965]: |      ..  .o     |
[   14.915059] cloud-init[965]: +----[SHA256]-----+
[   14.918715] cloud-init[965]: Generating public/private dsa key pair.
[[0;32m  OK  [0m] Started Initial cloud-init job (metadata service crawler).
[[0;32m  OK  [0m] Reached target Network is Online.
         [   14.924271] cloud-init[965]: Your identification has been saved in /etc/ssh/ssh_host_dsa_key.
[   14.925637] cloud-init[965]: Your public key has been saved in /etc/ssh/ssh_host_dsa_key.pub.
[   14.926946] cloud-init[965]: The key fingerprint is:
[   14.927747] cloud-initStarting iSCSI initiator daemon (iscsid)...
[[0;32m  OK  [0m] Reached target Cloud-config availability.
[[0;32m  OK  [0m] Reached target System Initialization.
[[0;32m  OK  [0m] Started Daily apt download activities.
[965]: SHA256:a/Bsh0Z3p3dH+biRVfvNhroiVhUlJYpp7E5TKJdF5p0 root@ubuntu-xenial
[   14.935063] cloud-init[965]: [[0;32m  OK  [0m] Listening on ACPID Listen Socket.
[[0;32m  OK  [0m] Started Message of the Day.
The key's randomart image is:         Starting LXD - unix socket.

[[0;32m  OK  [0m] Listening on UUID daemon activation socket.[   14.949244] cloud-init[965]: +---[DSA 1024]----+
[   14.950208] cloud-init[965]: |         .+ ooo  |
[   14.951054] cloud-init[965]: |       . O o.+   |
[   14.951998] 
[[0;32m  OK  [0m] Started Daily Cleanup of Temporary Directories.
         Starting Socket activation for snappy daemon.
[[0;32m  OK  [0m] Started Daily apt upgrade and clean activities.
[[0;32m  OK  [0m] Listening on D-Bus System Message Bus Socket.
cloud-init[965]: |      . O + E.  .|
[   14.960564] cloud-init[965]: |       = .  .   +|
[[0;32m  OK  [0m] Started ACPI Events Check.
[[0;32m  OK  [0m] Reached target Paths.
[   14.965629] cloud-init[965]: |      . S ... .oo|
[[0;32m  OK  [0m] Started Ubuntu Advantage update messaging.
[   14.968282] cloud-init[965]: |       B =.. o B+|
[   14.969267] cloud-init[965]: |        X.. . * O|
[   14.970183] cloud-init[965]: |       +o..  o =.|
[   14.971096] cloud-init[965]: |       . . .o..  |
[[0;32m  OK  [0m] Reached target Timers.
[[0;32m  OK  [0m] Listening on LXD - unix socket.
[[0;32m  OK  [0m] Listening on Socket activation for snappy daemon.[   14.976433] cloud-init[965]: +----[SHA256]-----+
[   14.977373] cloud-init[965]: Generating public/private ecdsa key pair.
[   14.978387] cloud-init[965]: Your identification has been saved in /etc/ssh/ssh_host_ecdsa_key.
[   14.979651] cloud-init
[[0;32m  OK  [0m] Reached target Sockets.
[[0;32m  OK  [0m] Reached target Basic System.
[965]: Your public key has been saved in /etc/ssh/ssh_host_ecdsa_key.pub.[[0;32m  OK  [0m] Started FUSE filesystem for LXC.
[[0;32m  OK  [0m] 
[   14.988678] cloud-init[965]: The key fingerprint is:
[   14.989287] cloud-init[965]: SHA256:BaTahtMSXL9p5SamWJKAcrn/8fErOQvqWwGXizCVL+c root@ubuntu-xenial
Started D-Bus System Message Bus.
[   14.994737] cloud-init[965]: The key's randomart image is:
[   15.014022] cloud-init[965]: +---[ECDSA 256]---+
[   15.015412] cloud-init[965]: |    ....o        |
[   15.017671] cloud-init[965]: | . +.. + .       |
[   15.021503] cloud-init[965]: |o * +.+ . o      |
[   15.023723] cloud-init[965]: |.. =.@o. *       |
[   15.025638] cloud-init[965]: |  . O+B S o      |
         Starting LSB: Record successful boot for GRUB...
         Starting LXD - container startup/shutdown...
[   15.027755] cloud-init[965]:          Starting /etc/rc.local Compatibility...
         Starting Pollinate to seed the pseudo random number generator...
         Starting LSB: MD monitoring daemon...
|   . BE= o       |
[[0;32m  OK  [0m] Started Deferred execution scheduler.
         Starting Login Service...
[   15.074358] cloud-init[965]: |    o = ..       |
         Starting Snap Daemon...
[   15.110494] cloud-init[965]: |     + ++o       |
         Starting System Logging Service...
         Starting Virtualbox guest utils...
[[0;32m  OK  [0m] Started Regular background program processing daemon.
         Starting Accounts Service...
[[0;32m  OK  [0m] Started ACPI event daemon.
[   15.117092] [[0;32m  OK  [0m] Started iSCSI initiator daemon (iscsid).
[[0;32m  OK  [0m] Started /etc/rc.local Compatibility.
cloud-init[965]: |   .+.. o+o.     |         Starting Login to default iSCSI targets...
[[0;32m  OK  [0m] Started Login Service.
[[0;32m  OK  [0m] Started Unattended Upgrades Shutdown.

[   15.229620] cloud-init[965]: +----[SHA256]-----+
[[0;32m  OK  [0m] Started System Logging Service.
[   15.257243] cloud-init[965]: Generating public/private ed25519 key pair.
[[0;32m  OK  [0m] Started Login to default iSCSI targets.
[[0;32m  OK  [0m] Reached target Remote File Systems (Pre).
[[0;32m  OK  [0m] Reached target Remote File Systems.
         Starting LSB: Set the CPU Frequency Scaling governor to "ondemand"...
         Starting Permit User Sessions...
         Starting LSB: daemon to balance interrupts for SMP systems...
         Starting LSB: automatic crash report generation...
[[0;32m  OK  [0m] Started Permit User Sessions.
         Starting Terminate Plymouth Boot Screen...
         Starting Hold until boot process finishes up...
[[0;32m  OK  [0m] Started Hold until boot process finishes up.
[[0;32m  OK  [0m] Started Terminate Plymouth Boot Screen.
[   15.333451] cloud-init[965]: Your identification has been saved in /etc/ssh/ssh_host_ed25519_key.
[[0;32m  OK  [0m] Started Getty on tty1.
[   15.351522] cloud-init         Starting Set console scheme...
[[0;32m  OK  [0m] Started Serial Getty on ttyS0.
[[0;32m  OK  [0m] Reached target Login Prompts.
[[0;32m  OK  [0m] Started LSB: Record successful boot for GRUB.
[[0;32m  OK  [0m] Started Set console scheme.
[965]: Your public key has been saved in /etc/ssh/ssh_host_ed25519_key.pub.
[   15.391129] cloud-init[965]: The key fingerprint is:[[0;32m  OK  [0m] Started LSB: MD monitoring daemon.

[[0;32m  OK  [0m] Started LSB: Set the CPU Frequency Scaling governor to "ondemand".
[   15.424927] cloud-init[965]: SHA256:Xy4bQPl8cj6s/cbgumroOpI75QlNXFC1nEKZX6/3vt8 root@ubuntu-xenial
[   15.448073] cloud-init[965]: The key's randomart image is:
         Starting Authenticate and Authorize Users to Run Privileged Tasks...
[   15.469045] cloud-init[965]: +--[ED25519 256]--+
[   15.477190] cloud-init[965]: |    .oo+.        |
[[0;32m  OK  [0m] Started LSB: automatic crash report generation.
[   15.500169] cloud-init[965]: |     .+. +.      |
[[0;32m  OK  [0m] Started LSB: daemon to balance interrupts for SMP systems.
[   15.516833] cloud-init[965]: |   . ...*. .     |
[   15.540981] cloud-init[965]: |    o  o.o  .    |
[[0;32m  OK  [0m] Started LXD - container startup/shutdown.
[   15.548514] cloud-init[965]: |   o    S +.+    |
[   15.569334] cloud-init[965]: |  . o    o.Oo    |
[   15.579449] cloud-init[965]: |   = . .  +o=+   |
[[0;32m  OK  [0m] Started Authenticate and Authorize Users to Run Privileged Tasks.
[   15.596232] cloud-init[965]: |  + + . .  *..+ .|
[[0;32m  OK  [0m] Started Accounts Service.
[   15.601457] cloud-init[965]: |  .+.+....=o.++oE|
[   15.610702] cloud-init[965]: +----[SHA256]-----+
[[0;32m  OK  [0m] Started Virtualbox guest utils.
[[0;32m  OK  [0m] Started Snap Daemon.
         Starting Wait until snapd is fully seeded...
[[0;32m  OK  [0m] Started Pollinate to seed the pseudo random number generator.
         Starting OpenBSD Secure Shell server...
[[0;32m  OK  [0m] Started OpenBSD Secure Shell server.
[[0;32m  OK  [0m] Created slice User Slice of vagrant.
         Starting User Manager for UID 1000...
[[0;32m  OK  [0m] Started Session 1 of user vagrant.
[[0;32m  OK  [0m] Started User Manager for UID 1000.
[[0;32m  OK  [0m] Started Wait until snapd is fully seeded.
         Starting Apply the settings specified in cloud-config...
[[0;32m  OK  [0m] Reached target Multi-User System.
[[0;32m  OK  [0m] Reached target Graphical Interface.
         Starting Update UTMP about System Runlevel Changes...
[[0;32m  OK  [0m] Started Update UTMP about System Runlevel Changes.
[   20.833646] cloud-init[1386]: Generating locales (this might take a while)...

Ubuntu 16.04.7 LTS ubuntu-xenial ttyS0

ubuntu-xenial login: [   24.695509] cloud-init[1386]:   en_US.UTF-8... done
[   24.697906] cloud-init[1386]: Generation complete.
[   25.247822] cloud-init[1386]: Cloud-init v. 21.1-19-gbad84ad4-0ubuntu1~16.04.2 running 'modules:config' at Mon, 06 Feb 2023 11:58:21 +0000. Up 20.38 seconds.
ci-info: no authorized SSH keys fingerprints found for user ubuntu.
<14>Feb  6 11:58:27 ec2: 
<14>Feb  6 11:58:27 ec2: #############################################################
<14>Feb  6 11:58:27 ec2: -----BEGIN SSH HOST KEY FINGERPRINTS-----
<14>Feb  6 11:58:27 ec2: 1024 SHA256:a/Bsh0Z3p3dH+biRVfvNhroiVhUlJYpp7E5TKJdF5p0 root@ubuntu-xenial (DSA)
<14>Feb  6 11:58:27 ec2: 256 SHA256:BaTahtMSXL9p5SamWJKAcrn/8fErOQvqWwGXizCVL+c root@ubuntu-xenial (ECDSA)
<14>Feb  6 11:58:27 ec2: 256 SHA256:Xy4bQPl8cj6s/cbgumroOpI75QlNXFC1nEKZX6/3vt8 root@ubuntu-xenial (ED25519)
<14>Feb  6 11:58:27 ec2: 2048 SHA256:6tc7YPPBIEAbbVw/2cmzQFBMrYJ8phY9bjntIdZQngw root@ubuntu-xenial (RSA)
<14>Feb  6 11:58:27 ec2: -----END SSH HOST KEY FINGERPRINTS-----
<14>Feb  6 11:58:27 ec2: #############################################################
-----BEGIN SSH HOST KEY KEYS-----
ecdsa-sha2-nistp256 AAAAE2VjZHNhLXNoYTItbmlzdHAyNTYAAAAIbmlzdHAyNTYAAABBBDa4gj7Yjdf4oI/zK58zGTy0qYMF1hRRK5vYbbstR/6dAtUD4+sqaVg0xR7q4CqlKikK4vy5lSAhCg9xhSQrpa4= root@ubuntu-xenial
ssh-ed25519 AAAAC3NzaC1lZDI1NTE5AAAAIB8G/z8OmDX8bIJZWuLaWqF8xmxdkYGeh/VDIAmMl0wh root@ubuntu-xenial
ssh-rsa AAAAB3NzaC1yc2EAAAADAQABAAABAQCr6rbLahKr9dAVWD7Ds4tPcNZUS96MwMWJv5Qfu9S+0wxmahUoDtrwV2kMYxrx0Hdxi9ReN81Vbqq+rsfcH3jvlonMAhIb/dPEt3z400fnuyv1spgkEuttb+3sX9hnH6xf2cBlcsT/laU9Uq1prkVf/BpYE9Te5peRCUbZSXq3xcXJ21f7l/Ml/uq8Y1XeSEtDOzy7bZNMt5+umBHQTF/fxcIKGmG1/nyUra0Om9ExzQK+cqQ2E//N0gnb2nSCgEZywCytwJEMhEGscgbyLUg85TqufelmTKzDYjEONL93RTHUZ36/rKNUHNARXq/kS9U2dXj7G0qZLu7e/zWPaW2n root@ubuntu-xenial
-----END SSH HOST KEY KEYS-----
[   26.569192] cloud-init[1605]: Cloud-init v. 21.1-19-gbad84ad4-0ubuntu1~16.04.2 running 'modules:final' at Mon, 06 Feb 2023 11:58:27 +0000. Up 26.22 seconds.
[   26.571623] cloud-init[1605]: ci-info: no authorized SSH keys fingerprints found for user ubuntu.
[   26.576074] cloud-init[1605]: Cloud-init v. 21.1-19-gbad84ad4-0ubuntu1~16.04.2 finished at Mon, 06 Feb 2023 11:58:27 +0000. Datasource DataSourceNoCloud [seed=/dev/sdb][dsmode=net].  Up 26.55 seconds
